make[4]: Entering directory '/home/tiagotcc/tcc/programas/ncbi-blast-2.11.0+-src/c++/ReleaseMT/build/util/compress/api'
Updating dependency information for /home/tiagotcc/tcc/programas/ncbi-blast-2.11.0+-src/c++/src/util/compress/api/archive_zip.cpp.
Updating dependency information for /home/tiagotcc/tcc/programas/ncbi-blast-2.11.0+-src/c++/src/util/compress/api/archive_.cpp.
Updating dependency information for /home/tiagotcc/tcc/programas/ncbi-blast-2.11.0+-src/c++/src/util/compress/api/archive.cpp.
Updating dependency information for /home/tiagotcc/tcc/programas/ncbi-blast-2.11.0+-src/c++/src/util/compress/api/tar.cpp.
Updating dependency information for /home/tiagotcc/tcc/programas/ncbi-blast-2.11.0+-src/c++/src/util/compress/api/reader_zlib.cpp.
Updating dependency information for /home/tiagotcc/tcc/programas/ncbi-blast-2.11.0+-src/c++/src/util/compress/api/lzo.cpp.
Updating dependency information for /home/tiagotcc/tcc/programas/ncbi-blast-2.11.0+-src/c++/src/util/compress/api/zlib.cpp.
Updating dependency information for /home/tiagotcc/tcc/programas/ncbi-blast-2.11.0+-src/c++/src/util/compress/api/bzip2.cpp.
Updating dependency information for /home/tiagotcc/tcc/programas/ncbi-blast-2.11.0+-src/c++/src/util/compress/api/stream_util.cpp.
Updating dependency information for /home/tiagotcc/tcc/programas/ncbi-blast-2.11.0+-src/c++/src/util/compress/api/streambuf.cpp.
Updating dependency information for /home/tiagotcc/tcc/programas/ncbi-blast-2.11.0+-src/c++/src/util/compress/api/stream.cpp.
Updating dependency information for /home/tiagotcc/tcc/programas/ncbi-blast-2.11.0+-src/c++/src/util/compress/api/compress.cpp.
/usr/bin/g++  -std=gnu++14 -msse4.2 -c  -Wall -Wno-format-y2k  -pthread -fopenmp -O2 -fPIC   -DNDEBUG -D_LARGEFILE_SOURCE -D_FILE_OFFSET_BITS=64 -D_LARGEFILE64_SOURCE   -D_MT -D_REENTRANT -D_THREAD_SAFE -I/home/tiagotcc/tcc/programas/ncbi-blast-2.11.0+-src/c++/ReleaseMT/inc -I/home/tiagotcc/tcc/programas/ncbi-blast-2.11.0+-src/c++/include  -I/home/tiagotcc/tcc/programas/ncbi-blast-2.11.0+-src/c++/include/util/compress/zlib -I/home/tiagotcc/tcc/programas/ncbi-blast-2.11.0+-src/c++/include/util/compress/zlib -I/home/tiagotcc/tcc/programas/ncbi-blast-2.11.0+-src/c++/include/util/compress/bzip2 -I/home/tiagotcc/tcc/programas/ncbi-blast-2.11.0+-src/c++/include/util/compress/bzip2  -DNCBI_BUILD_SESSION_ID=1d281178-5679-4c82-9e29-bc46604df53a /home/tiagotcc/tcc/programas/ncbi-blast-2.11.0+-src/c++/src/util/compress/api/compress.cpp -o compress.o 
/usr/bin/g++  -std=gnu++14 -msse4.2 -c  -Wall -Wno-format-y2k  -pthread -fopenmp -O2 -fPIC   -DNDEBUG -D_LARGEFILE_SOURCE -D_FILE_OFFSET_BITS=64 -D_LARGEFILE64_SOURCE   -D_MT -D_REENTRANT -D_THREAD_SAFE -I/home/tiagotcc/tcc/programas/ncbi-blast-2.11.0+-src/c++/ReleaseMT/inc -I/home/tiagotcc/tcc/programas/ncbi-blast-2.11.0+-src/c++/include  -I/home/tiagotcc/tcc/programas/ncbi-blast-2.11.0+-src/c++/include/util/compress/zlib -I/home/tiagotcc/tcc/programas/ncbi-blast-2.11.0+-src/c++/include/util/compress/zlib -I/home/tiagotcc/tcc/programas/ncbi-blast-2.11.0+-src/c++/include/util/compress/bzip2 -I/home/tiagotcc/tcc/programas/ncbi-blast-2.11.0+-src/c++/include/util/compress/bzip2  -DNCBI_BUILD_SESSION_ID=1d281178-5679-4c82-9e29-bc46604df53a /home/tiagotcc/tcc/programas/ncbi-blast-2.11.0+-src/c++/src/util/compress/api/stream.cpp -o stream.o 
/usr/bin/g++  -std=gnu++14 -msse4.2 -c  -Wall -Wno-format-y2k  -pthread -fopenmp -O2 -fPIC   -DNDEBUG -D_LARGEFILE_SOURCE -D_FILE_OFFSET_BITS=64 -D_LARGEFILE64_SOURCE   -D_MT -D_REENTRANT -D_THREAD_SAFE -I/home/tiagotcc/tcc/programas/ncbi-blast-2.11.0+-src/c++/ReleaseMT/inc -I/home/tiagotcc/tcc/programas/ncbi-blast-2.11.0+-src/c++/include  -I/home/tiagotcc/tcc/programas/ncbi-blast-2.11.0+-src/c++/include/util/compress/zlib -I/home/tiagotcc/tcc/programas/ncbi-blast-2.11.0+-src/c++/include/util/compress/zlib -I/home/tiagotcc/tcc/programas/ncbi-blast-2.11.0+-src/c++/include/util/compress/bzip2 -I/home/tiagotcc/tcc/programas/ncbi-blast-2.11.0+-src/c++/include/util/compress/bzip2  -DNCBI_BUILD_SESSION_ID=1d281178-5679-4c82-9e29-bc46604df53a /home/tiagotcc/tcc/programas/ncbi-blast-2.11.0+-src/c++/src/util/compress/api/streambuf.cpp -o streambuf.o 
/usr/bin/g++  -std=gnu++14 -msse4.2 -c  -Wall -Wno-format-y2k  -pthread -fopenmp -O2 -fPIC   -DNDEBUG -D_LARGEFILE_SOURCE -D_FILE_OFFSET_BITS=64 -D_LARGEFILE64_SOURCE   -D_MT -D_REENTRANT -D_THREAD_SAFE -I/home/tiagotcc/tcc/programas/ncbi-blast-2.11.0+-src/c++/ReleaseMT/inc -I/home/tiagotcc/tcc/programas/ncbi-blast-2.11.0+-src/c++/include  -I/home/tiagotcc/tcc/programas/ncbi-blast-2.11.0+-src/c++/include/util/compress/zlib -I/home/tiagotcc/tcc/programas/ncbi-blast-2.11.0+-src/c++/include/util/compress/zlib -I/home/tiagotcc/tcc/programas/ncbi-blast-2.11.0+-src/c++/include/util/compress/bzip2 -I/home/tiagotcc/tcc/programas/ncbi-blast-2.11.0+-src/c++/include/util/compress/bzip2  -DNCBI_BUILD_SESSION_ID=1d281178-5679-4c82-9e29-bc46604df53a /home/tiagotcc/tcc/programas/ncbi-blast-2.11.0+-src/c++/src/util/compress/api/stream_util.cpp -o stream_util.o 
/usr/bin/g++  -std=gnu++14 -msse4.2 -c  -Wall -Wno-format-y2k  -pthread -fopenmp -O2 -fPIC   -DNDEBUG -D_LARGEFILE_SOURCE -D_FILE_OFFSET_BITS=64 -D_LARGEFILE64_SOURCE   -D_MT -D_REENTRANT -D_THREAD_SAFE -I/home/tiagotcc/tcc/programas/ncbi-blast-2.11.0+-src/c++/ReleaseMT/inc -I/home/tiagotcc/tcc/programas/ncbi-blast-2.11.0+-src/c++/include  -I/home/tiagotcc/tcc/programas/ncbi-blast-2.11.0+-src/c++/include/util/compress/zlib -I/home/tiagotcc/tcc/programas/ncbi-blast-2.11.0+-src/c++/include/util/compress/zlib -I/home/tiagotcc/tcc/programas/ncbi-blast-2.11.0+-src/c++/include/util/compress/bzip2 -I/home/tiagotcc/tcc/programas/ncbi-blast-2.11.0+-src/c++/include/util/compress/bzip2  -DNCBI_BUILD_SESSION_ID=1d281178-5679-4c82-9e29-bc46604df53a /home/tiagotcc/tcc/programas/ncbi-blast-2.11.0+-src/c++/src/util/compress/api/bzip2.cpp -o bzip2.o 
/usr/bin/g++  -std=gnu++14 -msse4.2 -c  -Wall -Wno-format-y2k  -pthread -fopenmp -O2 -fPIC   -DNDEBUG -D_LARGEFILE_SOURCE -D_FILE_OFFSET_BITS=64 -D_LARGEFILE64_SOURCE   -D_MT -D_REENTRANT -D_THREAD_SAFE -I/home/tiagotcc/tcc/programas/ncbi-blast-2.11.0+-src/c++/ReleaseMT/inc -I/home/tiagotcc/tcc/programas/ncbi-blast-2.11.0+-src/c++/include  -I/home/tiagotcc/tcc/programas/ncbi-blast-2.11.0+-src/c++/include/util/compress/zlib -I/home/tiagotcc/tcc/programas/ncbi-blast-2.11.0+-src/c++/include/util/compress/zlib -I/home/tiagotcc/tcc/programas/ncbi-blast-2.11.0+-src/c++/include/util/compress/bzip2 -I/home/tiagotcc/tcc/programas/ncbi-blast-2.11.0+-src/c++/include/util/compress/bzip2  -DNCBI_BUILD_SESSION_ID=1d281178-5679-4c82-9e29-bc46604df53a /home/tiagotcc/tcc/programas/ncbi-blast-2.11.0+-src/c++/src/util/compress/api/zlib.cpp -o zlib.o 
/usr/bin/g++  -std=gnu++14 -msse4.2 -c  -Wall -Wno-format-y2k  -pthread -fopenmp -O2 -fPIC   -DNDEBUG -D_LARGEFILE_SOURCE -D_FILE_OFFSET_BITS=64 -D_LARGEFILE64_SOURCE   -D_MT -D_REENTRANT -D_THREAD_SAFE -I/home/tiagotcc/tcc/programas/ncbi-blast-2.11.0+-src/c++/ReleaseMT/inc -I/home/tiagotcc/tcc/programas/ncbi-blast-2.11.0+-src/c++/include  -I/home/tiagotcc/tcc/programas/ncbi-blast-2.11.0+-src/c++/include/util/compress/zlib -I/home/tiagotcc/tcc/programas/ncbi-blast-2.11.0+-src/c++/include/util/compress/zlib -I/home/tiagotcc/tcc/programas/ncbi-blast-2.11.0+-src/c++/include/util/compress/bzip2 -I/home/tiagotcc/tcc/programas/ncbi-blast-2.11.0+-src/c++/include/util/compress/bzip2  -DNCBI_BUILD_SESSION_ID=1d281178-5679-4c82-9e29-bc46604df53a /home/tiagotcc/tcc/programas/ncbi-blast-2.11.0+-src/c++/src/util/compress/api/lzo.cpp -o lzo.o 
/usr/bin/g++  -std=gnu++14 -msse4.2 -c  -Wall -Wno-format-y2k  -pthread -fopenmp -O2 -fPIC   -DNDEBUG -D_LARGEFILE_SOURCE -D_FILE_OFFSET_BITS=64 -D_LARGEFILE64_SOURCE   -D_MT -D_REENTRANT -D_THREAD_SAFE -I/home/tiagotcc/tcc/programas/ncbi-blast-2.11.0+-src/c++/ReleaseMT/inc -I/home/tiagotcc/tcc/programas/ncbi-blast-2.11.0+-src/c++/include  -I/home/tiagotcc/tcc/programas/ncbi-blast-2.11.0+-src/c++/include/util/compress/zlib -I/home/tiagotcc/tcc/programas/ncbi-blast-2.11.0+-src/c++/include/util/compress/zlib -I/home/tiagotcc/tcc/programas/ncbi-blast-2.11.0+-src/c++/include/util/compress/bzip2 -I/home/tiagotcc/tcc/programas/ncbi-blast-2.11.0+-src/c++/include/util/compress/bzip2  -DNCBI_BUILD_SESSION_ID=1d281178-5679-4c82-9e29-bc46604df53a /home/tiagotcc/tcc/programas/ncbi-blast-2.11.0+-src/c++/src/util/compress/api/reader_zlib.cpp -o reader_zlib.o 
/usr/bin/g++  -std=gnu++14 -msse4.2 -c  -Wall -Wno-format-y2k  -pthread -fopenmp -O2 -fPIC   -DNDEBUG -D_LARGEFILE_SOURCE -D_FILE_OFFSET_BITS=64 -D_LARGEFILE64_SOURCE   -D_MT -D_REENTRANT -D_THREAD_SAFE -I/home/tiagotcc/tcc/programas/ncbi-blast-2.11.0+-src/c++/ReleaseMT/inc -I/home/tiagotcc/tcc/programas/ncbi-blast-2.11.0+-src/c++/include  -I/home/tiagotcc/tcc/programas/ncbi-blast-2.11.0+-src/c++/include/util/compress/zlib -I/home/tiagotcc/tcc/programas/ncbi-blast-2.11.0+-src/c++/include/util/compress/zlib -I/home/tiagotcc/tcc/programas/ncbi-blast-2.11.0+-src/c++/include/util/compress/bzip2 -I/home/tiagotcc/tcc/programas/ncbi-blast-2.11.0+-src/c++/include/util/compress/bzip2  -DNCBI_BUILD_SESSION_ID=1d281178-5679-4c82-9e29-bc46604df53a /home/tiagotcc/tcc/programas/ncbi-blast-2.11.0+-src/c++/src/util/compress/api/tar.cpp -o tar.o 
e/tiagotcc/tcc/programas/ncbi-blast-2.11.0+-src/c++/src/util/compress/api/tar.cpp:476:13:ajor" is defined
 by <sys/sysmacros.h>. For historical compatibility, it is
 currently defined by <sys/types.h> as well, but we plan to
 remove this soon. To use "major", include <sys/sysmacros.h>
 directly. If you did not intend to use a system-defined macro
 "major", you should undefine it after including <sys/types.h>.
         retuajor(m_Stat.orig.st_rdev);e/tiagotcc/tcc/programas/ncbi-blast-2.11.0+-src/c++/src/util/compress/api/tar.cpp:491:13:inor" is defined
 by <sys/sysmacros.h>. For historical compatibility, it is
 currently defined by <sys/types.h> as well, but we plan to
 remove this soon. To use "minor", include <sys/sysmacros.h>
 directly. If you did not intend to use a system-defined macro
 "minor", you should undefine it after including <sys/types.h>.
         retuinor(m_Stat.orig.st_rdev);e/tiagotcc/tcc/programas/ncbi-blast-2.11.0+-src/c++/src/util/compress/api/tar.cpp:2395:13:akedev" is defined
 by <sys/sysmacros.h>. For historical compatibility, it is
 currently defined by <sys/types.h> as well, but we plan to
 remove this soon. To use "makedev", include <sys/sysmacros.h>
 directly. If you did not intend to use a system-defined macro
 "makedev", you should undefine it after including <sys/types.h>.
         m_Cu_Stat.orig.st_rdev = makedev((unsigned int) val, usum);/usr/bin/g++  -std=gnu++14 -msse4.2 -c  -Wall -Wno-format-y2k  -pthread -fopenmp -O2 -fPIC   -DNDEBUG -D_LARGEFILE_SOURCE -D_FILE_OFFSET_BITS=64 -D_LARGEFILE64_SOURCE   -D_MT -D_REENTRANT -D_THREAD_SAFE -I/home/tiagotcc/tcc/programas/ncbi-blast-2.11.0+-src/c++/ReleaseMT/inc -I/home/tiagotcc/tcc/programas/ncbi-blast-2.11.0+-src/c++/include  -I/home/tiagotcc/tcc/programas/ncbi-blast-2.11.0+-src/c++/include/util/compress/zlib -I/home/tiagotcc/tcc/programas/ncbi-blast-2.11.0+-src/c++/include/util/compress/zlib -I/home/tiagotcc/tcc/programas/ncbi-blast-2.11.0+-src/c++/include/util/compress/bzip2 -I/home/tiagotcc/tcc/programas/ncbi-blast-2.11.0+-src/c++/include/util/compress/bzip2  -DNCBI_BUILD_SESSION_ID=1d281178-5679-4c82-9e29-bc46604df53a /home/tiagotcc/tcc/programas/ncbi-blast-2.11.0+-src/c++/src/util/compress/api/archive.cpp -o archive.o 
/usr/bin/g++  -std=gnu++14 -msse4.2 -c  -Wall -Wno-format-y2k  -pthread -fopenmp -O2 -fPIC   -DNDEBUG -D_LARGEFILE_SOURCE -D_FILE_OFFSET_BITS=64 -D_LARGEFILE64_SOURCE   -D_MT -D_REENTRANT -D_THREAD_SAFE -I/home/tiagotcc/tcc/programas/ncbi-blast-2.11.0+-src/c++/ReleaseMT/inc -I/home/tiagotcc/tcc/programas/ncbi-blast-2.11.0+-src/c++/include  -I/home/tiagotcc/tcc/programas/ncbi-blast-2.11.0+-src/c++/include/util/compress/zlib -I/home/tiagotcc/tcc/programas/ncbi-blast-2.11.0+-src/c++/include/util/compress/zlib -I/home/tiagotcc/tcc/programas/ncbi-blast-2.11.0+-src/c++/include/util/compress/bzip2 -I/home/tiagotcc/tcc/programas/ncbi-blast-2.11.0+-src/c++/include/util/compress/bzip2  -DNCBI_BUILD_SESSION_ID=1d281178-5679-4c82-9e29-bc46604df53a /home/tiagotcc/tcc/programas/ncbi-blast-2.11.0+-src/c++/src/util/compress/api/archive_.cpp -o archive_.o 
e/tiagotcc/tcc/programas/ncbi-blast-2.11.0+-src/c++/src/util/compress/api/archive_.cpp:87:13:ajor" is defined
 by <sys/sysmacros.h>. For historical compatibility, it is
 currently defined by <sys/types.h> as well, but we plan to
 remove this soon. To use "major", include <sys/sysmacros.h>
 directly. If you did not intend to use a system-defined macro
 "major", you should undefine it after including <sys/types.h>.
         retuajor(m_Stat.st_rdev);e/tiagotcc/tcc/programas/ncbi-blast-2.11.0+-src/c++/src/util/compress/api/archive_.cpp:103:13:inor" is defined
 by <sys/sysmacros.h>. For historical compatibility, it is
 currently defined by <sys/types.h> as well, but we plan to
 remove this soon. To use "minor", include <sys/sysmacros.h>
 directly. If you did not intend to use a system-defined macro
 "minor", you should undefine it after including <sys/types.h>.
         retuinor(m_Stat.st_rdev);/usr/bin/g++  -std=gnu++14 -msse4.2 -c  -Wall -Wno-format-y2k  -pthread -fopenmp -O2 -fPIC   -DNDEBUG -D_LARGEFILE_SOURCE -D_FILE_OFFSET_BITS=64 -D_LARGEFILE64_SOURCE   -D_MT -D_REENTRANT -D_THREAD_SAFE -I/home/tiagotcc/tcc/programas/ncbi-blast-2.11.0+-src/c++/ReleaseMT/inc -I/home/tiagotcc/tcc/programas/ncbi-blast-2.11.0+-src/c++/include  -I/home/tiagotcc/tcc/programas/ncbi-blast-2.11.0+-src/c++/include/util/compress/zlib -I/home/tiagotcc/tcc/programas/ncbi-blast-2.11.0+-src/c++/include/util/compress/zlib -I/home/tiagotcc/tcc/programas/ncbi-blast-2.11.0+-src/c++/include/util/compress/bzip2 -I/home/tiagotcc/tcc/programas/ncbi-blast-2.11.0+-src/c++/include/util/compress/bzip2  -DNCBI_BUILD_SESSION_ID=1d281178-5679-4c82-9e29-bc46604df53a /home/tiagotcc/tcc/programas/ncbi-blast-2.11.0+-src/c++/src/util/compress/api/archive_zip.cpp -o archive_zip.o 
 e/tiagotcc/tcc/programas/ncbi-blast-2.11.0+-src/c++/src/util/compress/api/archive_zip.cpp:45:0e/tiagotcc/tcc/programas/ncbi-blast-2.11.0+-src/c++/src/util/compress/api/miniz/miniz.c:press(ncbi::tinfl_decompressor*, const mz_uint8*, size_t*, ncbi::mz_uint8*, ncbi::mz_uint8*, size_t*, ncbi::mz_uint32)e/tiagotcc/tcc/programas/ncbi-blast-2.11.0+-src/c++/src/util/compress/api/miniz/miniz.c:1531:9:isleading-indentatione/tiagotcc/tcc/programas/ncbi-blast-2.11.0+-src/c++/src/util/compress/api/miniz/miniz.c:1531:47:ent, but the latter is misleadingly indented as if it were guarded by the ‘e/tiagotcc/tcc/programas/ncbi-blast-2.11.0+-src/c++/src/util/compress/api/miniz/miniz.c:atch(ncbi::tdefl_compressor*, ncbi::mz_uint, ncbi::mz_uint, ncbi::mz_uint, ncbi::mz_uint*, ncbi::mz_uint*)e/tiagotcc/tcc/programas/ncbi-blast-2.11.0+-src/c++/src/util/compress/api/miniz/miniz.c:2327:5:isleading-indentationz_uint16*)(d->m_dict + probe_pos); if (TDEFL_READ_UNALIGNED_WORD(q) != s01) continue; p = s; probe_len = 32;
     e/tiagotcc/tcc/programas/ncbi-blast-2.11.0+-src/c++/src/util/compress/api/miniz/miniz.c:2327:23:ent, but the latter is misleadingly indented as if it were guarded by the ‘z_uint16*)(d->m_dict + probe_pos); if (TDEFL_READ_UNALIGNED_WORD(q) != s01) continue; p = s; probe_len = 32;
                       /bin/rm -f libxcompress.a .libxcompress.a.stamp
ar cr libxcompress.a compress.o stream.o streambuf.o stream_util.o bzip2.o zlib.o lzo.o reader_zlib.o tar.o archive.o archive_.o archive_zip.o  
/bin/bash /home/tiagotcc/tcc/programas/ncbi-blast-2.11.0+-src/c++/scripts/common/impl/if_diff.sh /bin/ln -f libxcompress.a /home/tiagotcc/tcc/programas/ncbi-blast-2.11.0+-src/c++/ReleaseMT/lib
/bin/ln -f libxcompress.a /home/tiagotcc/tcc/programas/ncbi-blast-2.11.0+-src/c++/ReleaseMT/lib/libxcompress.a
/bin/ln -f .xcompress.dep /home/tiagotcc/tcc/programas/ncbi-blast-2.11.0+-src/c++/ReleaseMT/status/.xcompress.dep
make[4]: Leaving directory '/home/tiagotcc/tcc/programas/ncbi-blast-2.11.0+-src/c++/ReleaseMT/build/util/compress/api'
