make[3]: Entering directory '/home/tiagotcc/tcc/programas/ncbi-blast-2.11.0+-src/c++/ReleaseMT/build/connect'
/bin/mkdir -p mbedtls
Updating dependency information for /home/tiagotcc/tcc/programas/ncbi-blast-2.11.0+-src/c++/src/connect/mbedtls/ssl_tls.c.
Updating dependency information for /home/tiagotcc/tcc/programas/ncbi-blast-2.11.0+-src/c++/src/connect/mbedtls/ssl_ticket.c.
Updating dependency information for /home/tiagotcc/tcc/programas/ncbi-blast-2.11.0+-src/c++/src/connect/mbedtls/ssl_srv.c.
Updating dependency information for /home/tiagotcc/tcc/programas/ncbi-blast-2.11.0+-src/c++/src/connect/mbedtls/ssl_cookie.c.
Updating dependency information for /home/tiagotcc/tcc/programas/ncbi-blast-2.11.0+-src/c++/src/connect/mbedtls/ssl_cli.c.
Updating dependency information for /home/tiagotcc/tcc/programas/ncbi-blast-2.11.0+-src/c++/src/connect/mbedtls/ssl_ciphersuites.c.
Updating dependency information for /home/tiagotcc/tcc/programas/ncbi-blast-2.11.0+-src/c++/src/connect/mbedtls/ssl_cache.c.
Updating dependency information for /home/tiagotcc/tcc/programas/ncbi-blast-2.11.0+-src/c++/src/connect/mbedtls/net_sockets.c.
Updating dependency information for /home/tiagotcc/tcc/programas/ncbi-blast-2.11.0+-src/c++/src/connect/mbedtls/debug.c.
Updating dependency information for /home/tiagotcc/tcc/programas/ncbi-blast-2.11.0+-src/c++/src/connect/mbedtls/x509write_csr.c.
Updating dependency information for /home/tiagotcc/tcc/programas/ncbi-blast-2.11.0+-src/c++/src/connect/mbedtls/x509write_crt.c.
Updating dependency information for /home/tiagotcc/tcc/programas/ncbi-blast-2.11.0+-src/c++/src/connect/mbedtls/x509_csr.c.
Updating dependency information for /home/tiagotcc/tcc/programas/ncbi-blast-2.11.0+-src/c++/src/connect/mbedtls/x509_crt.c.
Updating dependency information for /home/tiagotcc/tcc/programas/ncbi-blast-2.11.0+-src/c++/src/connect/mbedtls/x509_crl.c.
Updating dependency information for /home/tiagotcc/tcc/programas/ncbi-blast-2.11.0+-src/c++/src/connect/mbedtls/x509_create.c.
Updating dependency information for /home/tiagotcc/tcc/programas/ncbi-blast-2.11.0+-src/c++/src/connect/mbedtls/x509.c.
Updating dependency information for /home/tiagotcc/tcc/programas/ncbi-blast-2.11.0+-src/c++/src/connect/mbedtls/pkcs11.c.
Updating dependency information for /home/tiagotcc/tcc/programas/ncbi-blast-2.11.0+-src/c++/src/connect/mbedtls/certs.c.
Updating dependency information for /home/tiagotcc/tcc/programas/ncbi-blast-2.11.0+-src/c++/src/connect/mbedtls/xtea.c.
Updating dependency information for /home/tiagotcc/tcc/programas/ncbi-blast-2.11.0+-src/c++/src/connect/mbedtls/version_features.c.
Updating dependency information for /home/tiagotcc/tcc/programas/ncbi-blast-2.11.0+-src/c++/src/connect/mbedtls/mbedtls_version.c.
Updating dependency information for /home/tiagotcc/tcc/programas/ncbi-blast-2.11.0+-src/c++/src/connect/mbedtls/timing.c.
Updating dependency information for /home/tiagotcc/tcc/programas/ncbi-blast-2.11.0+-src/c++/src/connect/mbedtls/threading.c.
Updating dependency information for /home/tiagotcc/tcc/programas/ncbi-blast-2.11.0+-src/c++/src/connect/mbedtls/sha512.c.
Updating dependency information for /home/tiagotcc/tcc/programas/ncbi-blast-2.11.0+-src/c++/src/connect/mbedtls/sha256.c.
Updating dependency information for /home/tiagotcc/tcc/programas/ncbi-blast-2.11.0+-src/c++/src/connect/mbedtls/sha1.c.
Updating dependency information for /home/tiagotcc/tcc/programas/ncbi-blast-2.11.0+-src/c++/src/connect/mbedtls/rsa_internal.c.
Updating dependency information for /home/tiagotcc/tcc/programas/ncbi-blast-2.11.0+-src/c++/src/connect/mbedtls/rsa.c.
Updating dependency information for /home/tiagotcc/tcc/programas/ncbi-blast-2.11.0+-src/c++/src/connect/mbedtls/ripemd160.c.
Updating dependency information for /home/tiagotcc/tcc/programas/ncbi-blast-2.11.0+-src/c++/src/connect/mbedtls/platform.c.
Updating dependency information for /home/tiagotcc/tcc/programas/ncbi-blast-2.11.0+-src/c++/src/connect/mbedtls/pkwrite.c.
Updating dependency information for /home/tiagotcc/tcc/programas/ncbi-blast-2.11.0+-src/c++/src/connect/mbedtls/pkparse.c.
Updating dependency information for /home/tiagotcc/tcc/programas/ncbi-blast-2.11.0+-src/c++/src/connect/mbedtls/pkcs5.c.
Updating dependency information for /home/tiagotcc/tcc/programas/ncbi-blast-2.11.0+-src/c++/src/connect/mbedtls/pkcs12.c.
Updating dependency information for /home/tiagotcc/tcc/programas/ncbi-blast-2.11.0+-src/c++/src/connect/mbedtls/pk_wrap.c.
Updating dependency information for /home/tiagotcc/tcc/programas/ncbi-blast-2.11.0+-src/c++/src/connect/mbedtls/pk.c.
Updating dependency information for /home/tiagotcc/tcc/programas/ncbi-blast-2.11.0+-src/c++/src/connect/mbedtls/pem.c.
Updating dependency information for /home/tiagotcc/tcc/programas/ncbi-blast-2.11.0+-src/c++/src/connect/mbedtls/padlock.c.
Updating dependency information for /home/tiagotcc/tcc/programas/ncbi-blast-2.11.0+-src/c++/src/connect/mbedtls/oid.c.
Updating dependency information for /home/tiagotcc/tcc/programas/ncbi-blast-2.11.0+-src/c++/src/connect/mbedtls/memory_buffer_alloc.c.
Updating dependency information for /home/tiagotcc/tcc/programas/ncbi-blast-2.11.0+-src/c++/src/connect/mbedtls/md_wrap.c.
Updating dependency information for /home/tiagotcc/tcc/programas/ncbi-blast-2.11.0+-src/c++/src/connect/mbedtls/mbedtls_md5.c.
Updating dependency information for /home/tiagotcc/tcc/programas/ncbi-blast-2.11.0+-src/c++/src/connect/mbedtls/md4.c.
Updating dependency information for /home/tiagotcc/tcc/programas/ncbi-blast-2.11.0+-src/c++/src/connect/mbedtls/md2.c.
Updating dependency information for /home/tiagotcc/tcc/programas/ncbi-blast-2.11.0+-src/c++/src/connect/mbedtls/md.c.
Updating dependency information for /home/tiagotcc/tcc/programas/ncbi-blast-2.11.0+-src/c++/src/connect/mbedtls/hmac_drbg.c.
Updating dependency information for /home/tiagotcc/tcc/programas/ncbi-blast-2.11.0+-src/c++/src/connect/mbedtls/havege.c.
Updating dependency information for /home/tiagotcc/tcc/programas/ncbi-blast-2.11.0+-src/c++/src/connect/mbedtls/gcm.c.
Updating dependency information for /home/tiagotcc/tcc/programas/ncbi-blast-2.11.0+-src/c++/src/connect/mbedtls/error.c.
Updating dependency information for /home/tiagotcc/tcc/programas/ncbi-blast-2.11.0+-src/c++/src/connect/mbedtls/entropy_poll.c.
Updating dependency information for /home/tiagotcc/tcc/programas/ncbi-blast-2.11.0+-src/c++/src/connect/mbedtls/entropy.c.
Updating dependency information for /home/tiagotcc/tcc/programas/ncbi-blast-2.11.0+-src/c++/src/connect/mbedtls/ecp_curves.c.
Updating dependency information for /home/tiagotcc/tcc/programas/ncbi-blast-2.11.0+-src/c++/src/connect/mbedtls/ecp.c.
Updating dependency information for /home/tiagotcc/tcc/programas/ncbi-blast-2.11.0+-src/c++/src/connect/mbedtls/ecjpake.c.
Updating dependency information for /home/tiagotcc/tcc/programas/ncbi-blast-2.11.0+-src/c++/src/connect/mbedtls/ecdsa.c.
Updating dependency information for /home/tiagotcc/tcc/programas/ncbi-blast-2.11.0+-src/c++/src/connect/mbedtls/ecdh.c.
Updating dependency information for /home/tiagotcc/tcc/programas/ncbi-blast-2.11.0+-src/c++/src/connect/mbedtls/dhm.c.
Updating dependency information for /home/tiagotcc/tcc/programas/ncbi-blast-2.11.0+-src/c++/src/connect/mbedtls/des.c.
Updating dependency information for /home/tiagotcc/tcc/programas/ncbi-blast-2.11.0+-src/c++/src/connect/mbedtls/ctr_drbg.c.
Updating dependency information for /home/tiagotcc/tcc/programas/ncbi-blast-2.11.0+-src/c++/src/connect/mbedtls/cmac.c.
Updating dependency information for /home/tiagotcc/tcc/programas/ncbi-blast-2.11.0+-src/c++/src/connect/mbedtls/cipher_wrap.c.
Updating dependency information for /home/tiagotcc/tcc/programas/ncbi-blast-2.11.0+-src/c++/src/connect/mbedtls/cipher.c.
Updating dependency information for /home/tiagotcc/tcc/programas/ncbi-blast-2.11.0+-src/c++/src/connect/mbedtls/ccm.c.
Updating dependency information for /home/tiagotcc/tcc/programas/ncbi-blast-2.11.0+-src/c++/src/connect/mbedtls/camellia.c.
Updating dependency information for /home/tiagotcc/tcc/programas/ncbi-blast-2.11.0+-src/c++/src/connect/mbedtls/blowfish.c.
Updating dependency information for /home/tiagotcc/tcc/programas/ncbi-blast-2.11.0+-src/c++/src/connect/mbedtls/bignum.c.
Updating dependency information for /home/tiagotcc/tcc/programas/ncbi-blast-2.11.0+-src/c++/src/connect/mbedtls/base64.c.
Updating dependency information for /home/tiagotcc/tcc/programas/ncbi-blast-2.11.0+-src/c++/src/connect/mbedtls/asn1write.c.
Updating dependency information for /home/tiagotcc/tcc/programas/ncbi-blast-2.11.0+-src/c++/src/connect/mbedtls/asn1parse.c.
Updating dependency information for /home/tiagotcc/tcc/programas/ncbi-blast-2.11.0+-src/c++/src/connect/mbedtls/arc4.c.
Updating dependency information for /home/tiagotcc/tcc/programas/ncbi-blast-2.11.0+-src/c++/src/connect/mbedtls/aesni.c.
Updating dependency information for /home/tiagotcc/tcc/programas/ncbi-blast-2.11.0+-src/c++/src/connect/mbedtls/aes.c.
Updating dependency information for /home/tiagotcc/tcc/programas/ncbi-blast-2.11.0+-src/c++/src/connect/ncbi_tls.c.
Updating dependency information for /home/tiagotcc/tcc/programas/ncbi-blast-2.11.0+-src/c++/src/connect/ncbi_mbedtls.c.
Updating dependency information for /home/tiagotcc/tcc/programas/ncbi-blast-2.11.0+-src/c++/src/connect/ncbi_gnutls.c.
/usr/bin/gcc  -msse4.2 -std=gnu11 -fgnu89-inline -c  -Wall -Wno-format-y2k  -pthread -fopenmp -O2 -fPIC       -DNDEBUG -D_LARGEFILE_SOURCE -D_FILE_OFFSET_BITS=64 -D_LARGEFILE64_SOURCE   -D_MT -D_REENTRANT -D_THREAD_SAFE -I/home/tiagotcc/tcc/programas/ncbi-blast-2.11.0+-src/c++/ReleaseMT/inc -I/home/tiagotcc/tcc/programas/ncbi-blast-2.11.0+-src/c++/include  -DNCBI_BUILD_SESSION_ID=1d281178-5679-4c82-9e29-bc46604df53a /home/tiagotcc/tcc/programas/ncbi-blast-2.11.0+-src/c++/src/connect/ncbi_gnutls.c -o ncbi_gnutls.o 
/usr/bin/gcc  -msse4.2 -std=gnu11 -fgnu89-inline -c  -Wall -Wno-format-y2k  -pthread -fopenmp -O2 -fPIC       -DNDEBUG -D_LARGEFILE_SOURCE -D_FILE_OFFSET_BITS=64 -D_LARGEFILE64_SOURCE   -D_MT -D_REENTRANT -D_THREAD_SAFE -I/home/tiagotcc/tcc/programas/ncbi-blast-2.11.0+-src/c++/ReleaseMT/inc -I/home/tiagotcc/tcc/programas/ncbi-blast-2.11.0+-src/c++/include  -DNCBI_BUILD_SESSION_ID=1d281178-5679-4c82-9e29-bc46604df53a /home/tiagotcc/tcc/programas/ncbi-blast-2.11.0+-src/c++/src/connect/ncbi_mbedtls.c -o ncbi_mbedtls.o 
/usr/bin/gcc  -msse4.2 -std=gnu11 -fgnu89-inline -c  -Wall -Wno-format-y2k  -pthread -fopenmp -O2 -fPIC       -DNDEBUG -D_LARGEFILE_SOURCE -D_FILE_OFFSET_BITS=64 -D_LARGEFILE64_SOURCE   -D_MT -D_REENTRANT -D_THREAD_SAFE -I/home/tiagotcc/tcc/programas/ncbi-blast-2.11.0+-src/c++/ReleaseMT/inc -I/home/tiagotcc/tcc/programas/ncbi-blast-2.11.0+-src/c++/include  -DNCBI_BUILD_SESSION_ID=1d281178-5679-4c82-9e29-bc46604df53a /home/tiagotcc/tcc/programas/ncbi-blast-2.11.0+-src/c++/src/connect/ncbi_tls.c -o ncbi_tls.o 
/usr/bin/gcc  -msse4.2 -std=gnu11 -fgnu89-inline -c  -Wall -Wno-format-y2k  -pthread -fopenmp -O2 -fPIC       -DNDEBUG -D_LARGEFILE_SOURCE -D_FILE_OFFSET_BITS=64 -D_LARGEFILE64_SOURCE   -D_MT -D_REENTRANT -D_THREAD_SAFE -I/home/tiagotcc/tcc/programas/ncbi-blast-2.11.0+-src/c++/ReleaseMT/inc -I/home/tiagotcc/tcc/programas/ncbi-blast-2.11.0+-src/c++/include  -DNCBI_BUILD_SESSION_ID=1d281178-5679-4c82-9e29-bc46604df53a /home/tiagotcc/tcc/programas/ncbi-blast-2.11.0+-src/c++/src/connect/mbedtls/aes.c -o mbedtls/aes.o 
/usr/bin/gcc  -msse4.2 -std=gnu11 -fgnu89-inline -c  -Wall -Wno-format-y2k  -pthread -fopenmp -O2 -fPIC       -DNDEBUG -D_LARGEFILE_SOURCE -D_FILE_OFFSET_BITS=64 -D_LARGEFILE64_SOURCE   -D_MT -D_REENTRANT -D_THREAD_SAFE -I/home/tiagotcc/tcc/programas/ncbi-blast-2.11.0+-src/c++/ReleaseMT/inc -I/home/tiagotcc/tcc/programas/ncbi-blast-2.11.0+-src/c++/include  -DNCBI_BUILD_SESSION_ID=1d281178-5679-4c82-9e29-bc46604df53a /home/tiagotcc/tcc/programas/ncbi-blast-2.11.0+-src/c++/src/connect/mbedtls/aesni.c -o mbedtls/aesni.o 
/usr/bin/gcc  -msse4.2 -std=gnu11 -fgnu89-inline -c  -Wall -Wno-format-y2k  -pthread -fopenmp -O2 -fPIC       -DNDEBUG -D_LARGEFILE_SOURCE -D_FILE_OFFSET_BITS=64 -D_LARGEFILE64_SOURCE   -D_MT -D_REENTRANT -D_THREAD_SAFE -I/home/tiagotcc/tcc/programas/ncbi-blast-2.11.0+-src/c++/ReleaseMT/inc -I/home/tiagotcc/tcc/programas/ncbi-blast-2.11.0+-src/c++/include  -DNCBI_BUILD_SESSION_ID=1d281178-5679-4c82-9e29-bc46604df53a /home/tiagotcc/tcc/programas/ncbi-blast-2.11.0+-src/c++/src/connect/mbedtls/arc4.c -o mbedtls/arc4.o 
/usr/bin/gcc  -msse4.2 -std=gnu11 -fgnu89-inline -c  -Wall -Wno-format-y2k  -pthread -fopenmp -O2 -fPIC       -DNDEBUG -D_LARGEFILE_SOURCE -D_FILE_OFFSET_BITS=64 -D_LARGEFILE64_SOURCE   -D_MT -D_REENTRANT -D_THREAD_SAFE -I/home/tiagotcc/tcc/programas/ncbi-blast-2.11.0+-src/c++/ReleaseMT/inc -I/home/tiagotcc/tcc/programas/ncbi-blast-2.11.0+-src/c++/include  -DNCBI_BUILD_SESSION_ID=1d281178-5679-4c82-9e29-bc46604df53a /home/tiagotcc/tcc/programas/ncbi-blast-2.11.0+-src/c++/src/connect/mbedtls/asn1parse.c -o mbedtls/asn1parse.o 
/usr/bin/gcc  -msse4.2 -std=gnu11 -fgnu89-inline -c  -Wall -Wno-format-y2k  -pthread -fopenmp -O2 -fPIC       -DNDEBUG -D_LARGEFILE_SOURCE -D_FILE_OFFSET_BITS=64 -D_LARGEFILE64_SOURCE   -D_MT -D_REENTRANT -D_THREAD_SAFE -I/home/tiagotcc/tcc/programas/ncbi-blast-2.11.0+-src/c++/ReleaseMT/inc -I/home/tiagotcc/tcc/programas/ncbi-blast-2.11.0+-src/c++/include  -DNCBI_BUILD_SESSION_ID=1d281178-5679-4c82-9e29-bc46604df53a /home/tiagotcc/tcc/programas/ncbi-blast-2.11.0+-src/c++/src/connect/mbedtls/asn1write.c -o mbedtls/asn1write.o 
/usr/bin/gcc  -msse4.2 -std=gnu11 -fgnu89-inline -c  -Wall -Wno-format-y2k  -pthread -fopenmp -O2 -fPIC       -DNDEBUG -D_LARGEFILE_SOURCE -D_FILE_OFFSET_BITS=64 -D_LARGEFILE64_SOURCE   -D_MT -D_REENTRANT -D_THREAD_SAFE -I/home/tiagotcc/tcc/programas/ncbi-blast-2.11.0+-src/c++/ReleaseMT/inc -I/home/tiagotcc/tcc/programas/ncbi-blast-2.11.0+-src/c++/include  -DNCBI_BUILD_SESSION_ID=1d281178-5679-4c82-9e29-bc46604df53a /home/tiagotcc/tcc/programas/ncbi-blast-2.11.0+-src/c++/src/connect/mbedtls/base64.c -o mbedtls/base64.o 
/usr/bin/gcc  -msse4.2 -std=gnu11 -fgnu89-inline -c  -Wall -Wno-format-y2k  -pthread -fopenmp -O2 -fPIC       -DNDEBUG -D_LARGEFILE_SOURCE -D_FILE_OFFSET_BITS=64 -D_LARGEFILE64_SOURCE   -D_MT -D_REENTRANT -D_THREAD_SAFE -I/home/tiagotcc/tcc/programas/ncbi-blast-2.11.0+-src/c++/ReleaseMT/inc -I/home/tiagotcc/tcc/programas/ncbi-blast-2.11.0+-src/c++/include  -DNCBI_BUILD_SESSION_ID=1d281178-5679-4c82-9e29-bc46604df53a /home/tiagotcc/tcc/programas/ncbi-blast-2.11.0+-src/c++/src/connect/mbedtls/bignum.c -o mbedtls/bignum.o 
/usr/bin/gcc  -msse4.2 -std=gnu11 -fgnu89-inline -c  -Wall -Wno-format-y2k  -pthread -fopenmp -O2 -fPIC       -DNDEBUG -D_LARGEFILE_SOURCE -D_FILE_OFFSET_BITS=64 -D_LARGEFILE64_SOURCE   -D_MT -D_REENTRANT -D_THREAD_SAFE -I/home/tiagotcc/tcc/programas/ncbi-blast-2.11.0+-src/c++/ReleaseMT/inc -I/home/tiagotcc/tcc/programas/ncbi-blast-2.11.0+-src/c++/include  -DNCBI_BUILD_SESSION_ID=1d281178-5679-4c82-9e29-bc46604df53a /home/tiagotcc/tcc/programas/ncbi-blast-2.11.0+-src/c++/src/connect/mbedtls/blowfish.c -o mbedtls/blowfish.o 
/usr/bin/gcc  -msse4.2 -std=gnu11 -fgnu89-inline -c  -Wall -Wno-format-y2k  -pthread -fopenmp -O2 -fPIC       -DNDEBUG -D_LARGEFILE_SOURCE -D_FILE_OFFSET_BITS=64 -D_LARGEFILE64_SOURCE   -D_MT -D_REENTRANT -D_THREAD_SAFE -I/home/tiagotcc/tcc/programas/ncbi-blast-2.11.0+-src/c++/ReleaseMT/inc -I/home/tiagotcc/tcc/programas/ncbi-blast-2.11.0+-src/c++/include  -DNCBI_BUILD_SESSION_ID=1d281178-5679-4c82-9e29-bc46604df53a /home/tiagotcc/tcc/programas/ncbi-blast-2.11.0+-src/c++/src/connect/mbedtls/camellia.c -o mbedtls/camellia.o 
/usr/bin/gcc  -msse4.2 -std=gnu11 -fgnu89-inline -c  -Wall -Wno-format-y2k  -pthread -fopenmp -O2 -fPIC       -DNDEBUG -D_LARGEFILE_SOURCE -D_FILE_OFFSET_BITS=64 -D_LARGEFILE64_SOURCE   -D_MT -D_REENTRANT -D_THREAD_SAFE -I/home/tiagotcc/tcc/programas/ncbi-blast-2.11.0+-src/c++/ReleaseMT/inc -I/home/tiagotcc/tcc/programas/ncbi-blast-2.11.0+-src/c++/include  -DNCBI_BUILD_SESSION_ID=1d281178-5679-4c82-9e29-bc46604df53a /home/tiagotcc/tcc/programas/ncbi-blast-2.11.0+-src/c++/src/connect/mbedtls/ccm.c -o mbedtls/ccm.o 
/usr/bin/gcc  -msse4.2 -std=gnu11 -fgnu89-inline -c  -Wall -Wno-format-y2k  -pthread -fopenmp -O2 -fPIC       -DNDEBUG -D_LARGEFILE_SOURCE -D_FILE_OFFSET_BITS=64 -D_LARGEFILE64_SOURCE   -D_MT -D_REENTRANT -D_THREAD_SAFE -I/home/tiagotcc/tcc/programas/ncbi-blast-2.11.0+-src/c++/ReleaseMT/inc -I/home/tiagotcc/tcc/programas/ncbi-blast-2.11.0+-src/c++/include  -DNCBI_BUILD_SESSION_ID=1d281178-5679-4c82-9e29-bc46604df53a /home/tiagotcc/tcc/programas/ncbi-blast-2.11.0+-src/c++/src/connect/mbedtls/cipher.c -o mbedtls/cipher.o 
/usr/bin/gcc  -msse4.2 -std=gnu11 -fgnu89-inline -c  -Wall -Wno-format-y2k  -pthread -fopenmp -O2 -fPIC       -DNDEBUG -D_LARGEFILE_SOURCE -D_FILE_OFFSET_BITS=64 -D_LARGEFILE64_SOURCE   -D_MT -D_REENTRANT -D_THREAD_SAFE -I/home/tiagotcc/tcc/programas/ncbi-blast-2.11.0+-src/c++/ReleaseMT/inc -I/home/tiagotcc/tcc/programas/ncbi-blast-2.11.0+-src/c++/include  -DNCBI_BUILD_SESSION_ID=1d281178-5679-4c82-9e29-bc46604df53a /home/tiagotcc/tcc/programas/ncbi-blast-2.11.0+-src/c++/src/connect/mbedtls/cipher_wrap.c -o mbedtls/cipher_wrap.o 
/usr/bin/gcc  -msse4.2 -std=gnu11 -fgnu89-inline -c  -Wall -Wno-format-y2k  -pthread -fopenmp -O2 -fPIC       -DNDEBUG -D_LARGEFILE_SOURCE -D_FILE_OFFSET_BITS=64 -D_LARGEFILE64_SOURCE   -D_MT -D_REENTRANT -D_THREAD_SAFE -I/home/tiagotcc/tcc/programas/ncbi-blast-2.11.0+-src/c++/ReleaseMT/inc -I/home/tiagotcc/tcc/programas/ncbi-blast-2.11.0+-src/c++/include  -DNCBI_BUILD_SESSION_ID=1d281178-5679-4c82-9e29-bc46604df53a /home/tiagotcc/tcc/programas/ncbi-blast-2.11.0+-src/c++/src/connect/mbedtls/cmac.c -o mbedtls/cmac.o 
/usr/bin/gcc  -msse4.2 -std=gnu11 -fgnu89-inline -c  -Wall -Wno-format-y2k  -pthread -fopenmp -O2 -fPIC       -DNDEBUG -D_LARGEFILE_SOURCE -D_FILE_OFFSET_BITS=64 -D_LARGEFILE64_SOURCE   -D_MT -D_REENTRANT -D_THREAD_SAFE -I/home/tiagotcc/tcc/programas/ncbi-blast-2.11.0+-src/c++/ReleaseMT/inc -I/home/tiagotcc/tcc/programas/ncbi-blast-2.11.0+-src/c++/include  -DNCBI_BUILD_SESSION_ID=1d281178-5679-4c82-9e29-bc46604df53a /home/tiagotcc/tcc/programas/ncbi-blast-2.11.0+-src/c++/src/connect/mbedtls/ctr_drbg.c -o mbedtls/ctr_drbg.o 
/usr/bin/gcc  -msse4.2 -std=gnu11 -fgnu89-inline -c  -Wall -Wno-format-y2k  -pthread -fopenmp -O2 -fPIC       -DNDEBUG -D_LARGEFILE_SOURCE -D_FILE_OFFSET_BITS=64 -D_LARGEFILE64_SOURCE   -D_MT -D_REENTRANT -D_THREAD_SAFE -I/home/tiagotcc/tcc/programas/ncbi-blast-2.11.0+-src/c++/ReleaseMT/inc -I/home/tiagotcc/tcc/programas/ncbi-blast-2.11.0+-src/c++/include  -DNCBI_BUILD_SESSION_ID=1d281178-5679-4c82-9e29-bc46604df53a /home/tiagotcc/tcc/programas/ncbi-blast-2.11.0+-src/c++/src/connect/mbedtls/des.c -o mbedtls/des.o 
/usr/bin/gcc  -msse4.2 -std=gnu11 -fgnu89-inline -c  -Wall -Wno-format-y2k  -pthread -fopenmp -O2 -fPIC       -DNDEBUG -D_LARGEFILE_SOURCE -D_FILE_OFFSET_BITS=64 -D_LARGEFILE64_SOURCE   -D_MT -D_REENTRANT -D_THREAD_SAFE -I/home/tiagotcc/tcc/programas/ncbi-blast-2.11.0+-src/c++/ReleaseMT/inc -I/home/tiagotcc/tcc/programas/ncbi-blast-2.11.0+-src/c++/include  -DNCBI_BUILD_SESSION_ID=1d281178-5679-4c82-9e29-bc46604df53a /home/tiagotcc/tcc/programas/ncbi-blast-2.11.0+-src/c++/src/connect/mbedtls/dhm.c -o mbedtls/dhm.o 
/usr/bin/gcc  -msse4.2 -std=gnu11 -fgnu89-inline -c  -Wall -Wno-format-y2k  -pthread -fopenmp -O2 -fPIC       -DNDEBUG -D_LARGEFILE_SOURCE -D_FILE_OFFSET_BITS=64 -D_LARGEFILE64_SOURCE   -D_MT -D_REENTRANT -D_THREAD_SAFE -I/home/tiagotcc/tcc/programas/ncbi-blast-2.11.0+-src/c++/ReleaseMT/inc -I/home/tiagotcc/tcc/programas/ncbi-blast-2.11.0+-src/c++/include  -DNCBI_BUILD_SESSION_ID=1d281178-5679-4c82-9e29-bc46604df53a /home/tiagotcc/tcc/programas/ncbi-blast-2.11.0+-src/c++/src/connect/mbedtls/ecdh.c -o mbedtls/ecdh.o 
/usr/bin/gcc  -msse4.2 -std=gnu11 -fgnu89-inline -c  -Wall -Wno-format-y2k  -pthread -fopenmp -O2 -fPIC       -DNDEBUG -D_LARGEFILE_SOURCE -D_FILE_OFFSET_BITS=64 -D_LARGEFILE64_SOURCE   -D_MT -D_REENTRANT -D_THREAD_SAFE -I/home/tiagotcc/tcc/programas/ncbi-blast-2.11.0+-src/c++/ReleaseMT/inc -I/home/tiagotcc/tcc/programas/ncbi-blast-2.11.0+-src/c++/include  -DNCBI_BUILD_SESSION_ID=1d281178-5679-4c82-9e29-bc46604df53a /home/tiagotcc/tcc/programas/ncbi-blast-2.11.0+-src/c++/src/connect/mbedtls/ecdsa.c -o mbedtls/ecdsa.o 
/usr/bin/gcc  -msse4.2 -std=gnu11 -fgnu89-inline -c  -Wall -Wno-format-y2k  -pthread -fopenmp -O2 -fPIC       -DNDEBUG -D_LARGEFILE_SOURCE -D_FILE_OFFSET_BITS=64 -D_LARGEFILE64_SOURCE   -D_MT -D_REENTRANT -D_THREAD_SAFE -I/home/tiagotcc/tcc/programas/ncbi-blast-2.11.0+-src/c++/ReleaseMT/inc -I/home/tiagotcc/tcc/programas/ncbi-blast-2.11.0+-src/c++/include  -DNCBI_BUILD_SESSION_ID=1d281178-5679-4c82-9e29-bc46604df53a /home/tiagotcc/tcc/programas/ncbi-blast-2.11.0+-src/c++/src/connect/mbedtls/ecjpake.c -o mbedtls/ecjpake.o 
/usr/bin/gcc  -msse4.2 -std=gnu11 -fgnu89-inline -c  -Wall -Wno-format-y2k  -pthread -fopenmp -O2 -fPIC       -DNDEBUG -D_LARGEFILE_SOURCE -D_FILE_OFFSET_BITS=64 -D_LARGEFILE64_SOURCE   -D_MT -D_REENTRANT -D_THREAD_SAFE -I/home/tiagotcc/tcc/programas/ncbi-blast-2.11.0+-src/c++/ReleaseMT/inc -I/home/tiagotcc/tcc/programas/ncbi-blast-2.11.0+-src/c++/include  -DNCBI_BUILD_SESSION_ID=1d281178-5679-4c82-9e29-bc46604df53a /home/tiagotcc/tcc/programas/ncbi-blast-2.11.0+-src/c++/src/connect/mbedtls/ecp.c -o mbedtls/ecp.o 
/usr/bin/gcc  -msse4.2 -std=gnu11 -fgnu89-inline -c  -Wall -Wno-format-y2k  -pthread -fopenmp -O2 -fPIC       -DNDEBUG -D_LARGEFILE_SOURCE -D_FILE_OFFSET_BITS=64 -D_LARGEFILE64_SOURCE   -D_MT -D_REENTRANT -D_THREAD_SAFE -I/home/tiagotcc/tcc/programas/ncbi-blast-2.11.0+-src/c++/ReleaseMT/inc -I/home/tiagotcc/tcc/programas/ncbi-blast-2.11.0+-src/c++/include  -DNCBI_BUILD_SESSION_ID=1d281178-5679-4c82-9e29-bc46604df53a /home/tiagotcc/tcc/programas/ncbi-blast-2.11.0+-src/c++/src/connect/mbedtls/ecp_curves.c -o mbedtls/ecp_curves.o 
/usr/bin/gcc  -msse4.2 -std=gnu11 -fgnu89-inline -c  -Wall -Wno-format-y2k  -pthread -fopenmp -O2 -fPIC       -DNDEBUG -D_LARGEFILE_SOURCE -D_FILE_OFFSET_BITS=64 -D_LARGEFILE64_SOURCE   -D_MT -D_REENTRANT -D_THREAD_SAFE -I/home/tiagotcc/tcc/programas/ncbi-blast-2.11.0+-src/c++/ReleaseMT/inc -I/home/tiagotcc/tcc/programas/ncbi-blast-2.11.0+-src/c++/include  -DNCBI_BUILD_SESSION_ID=1d281178-5679-4c82-9e29-bc46604df53a /home/tiagotcc/tcc/programas/ncbi-blast-2.11.0+-src/c++/src/connect/mbedtls/entropy.c -o mbedtls/entropy.o 
/usr/bin/gcc  -msse4.2 -std=gnu11 -fgnu89-inline -c  -Wall -Wno-format-y2k  -pthread -fopenmp -O2 -fPIC       -DNDEBUG -D_LARGEFILE_SOURCE -D_FILE_OFFSET_BITS=64 -D_LARGEFILE64_SOURCE   -D_MT -D_REENTRANT -D_THREAD_SAFE -I/home/tiagotcc/tcc/programas/ncbi-blast-2.11.0+-src/c++/ReleaseMT/inc -I/home/tiagotcc/tcc/programas/ncbi-blast-2.11.0+-src/c++/include  -DNCBI_BUILD_SESSION_ID=1d281178-5679-4c82-9e29-bc46604df53a /home/tiagotcc/tcc/programas/ncbi-blast-2.11.0+-src/c++/src/connect/mbedtls/entropy_poll.c -o mbedtls/entropy_poll.o 
/usr/bin/gcc  -msse4.2 -std=gnu11 -fgnu89-inline -c  -Wall -Wno-format-y2k  -pthread -fopenmp -O2 -fPIC       -DNDEBUG -D_LARGEFILE_SOURCE -D_FILE_OFFSET_BITS=64 -D_LARGEFILE64_SOURCE   -D_MT -D_REENTRANT -D_THREAD_SAFE -I/home/tiagotcc/tcc/programas/ncbi-blast-2.11.0+-src/c++/ReleaseMT/inc -I/home/tiagotcc/tcc/programas/ncbi-blast-2.11.0+-src/c++/include  -DNCBI_BUILD_SESSION_ID=1d281178-5679-4c82-9e29-bc46604df53a /home/tiagotcc/tcc/programas/ncbi-blast-2.11.0+-src/c++/src/connect/mbedtls/error.c -o mbedtls/error.o 
/usr/bin/gcc  -msse4.2 -std=gnu11 -fgnu89-inline -c  -Wall -Wno-format-y2k  -pthread -fopenmp -O2 -fPIC       -DNDEBUG -D_LARGEFILE_SOURCE -D_FILE_OFFSET_BITS=64 -D_LARGEFILE64_SOURCE   -D_MT -D_REENTRANT -D_THREAD_SAFE -I/home/tiagotcc/tcc/programas/ncbi-blast-2.11.0+-src/c++/ReleaseMT/inc -I/home/tiagotcc/tcc/programas/ncbi-blast-2.11.0+-src/c++/include  -DNCBI_BUILD_SESSION_ID=1d281178-5679-4c82-9e29-bc46604df53a /home/tiagotcc/tcc/programas/ncbi-blast-2.11.0+-src/c++/src/connect/mbedtls/gcm.c -o mbedtls/gcm.o 
/usr/bin/gcc  -msse4.2 -std=gnu11 -fgnu89-inline -c  -Wall -Wno-format-y2k  -pthread -fopenmp -O2 -fPIC       -DNDEBUG -D_LARGEFILE_SOURCE -D_FILE_OFFSET_BITS=64 -D_LARGEFILE64_SOURCE   -D_MT -D_REENTRANT -D_THREAD_SAFE -I/home/tiagotcc/tcc/programas/ncbi-blast-2.11.0+-src/c++/ReleaseMT/inc -I/home/tiagotcc/tcc/programas/ncbi-blast-2.11.0+-src/c++/include  -DNCBI_BUILD_SESSION_ID=1d281178-5679-4c82-9e29-bc46604df53a /home/tiagotcc/tcc/programas/ncbi-blast-2.11.0+-src/c++/src/connect/mbedtls/havege.c -o mbedtls/havege.o 
/usr/bin/gcc  -msse4.2 -std=gnu11 -fgnu89-inline -c  -Wall -Wno-format-y2k  -pthread -fopenmp -O2 -fPIC       -DNDEBUG -D_LARGEFILE_SOURCE -D_FILE_OFFSET_BITS=64 -D_LARGEFILE64_SOURCE   -D_MT -D_REENTRANT -D_THREAD_SAFE -I/home/tiagotcc/tcc/programas/ncbi-blast-2.11.0+-src/c++/ReleaseMT/inc -I/home/tiagotcc/tcc/programas/ncbi-blast-2.11.0+-src/c++/include  -DNCBI_BUILD_SESSION_ID=1d281178-5679-4c82-9e29-bc46604df53a /home/tiagotcc/tcc/programas/ncbi-blast-2.11.0+-src/c++/src/connect/mbedtls/hmac_drbg.c -o mbedtls/hmac_drbg.o 
/usr/bin/gcc  -msse4.2 -std=gnu11 -fgnu89-inline -c  -Wall -Wno-format-y2k  -pthread -fopenmp -O2 -fPIC       -DNDEBUG -D_LARGEFILE_SOURCE -D_FILE_OFFSET_BITS=64 -D_LARGEFILE64_SOURCE   -D_MT -D_REENTRANT -D_THREAD_SAFE -I/home/tiagotcc/tcc/programas/ncbi-blast-2.11.0+-src/c++/ReleaseMT/inc -I/home/tiagotcc/tcc/programas/ncbi-blast-2.11.0+-src/c++/include  -DNCBI_BUILD_SESSION_ID=1d281178-5679-4c82-9e29-bc46604df53a /home/tiagotcc/tcc/programas/ncbi-blast-2.11.0+-src/c++/src/connect/mbedtls/md.c -o mbedtls/md.o 
/usr/bin/gcc  -msse4.2 -std=gnu11 -fgnu89-inline -c  -Wall -Wno-format-y2k  -pthread -fopenmp -O2 -fPIC       -DNDEBUG -D_LARGEFILE_SOURCE -D_FILE_OFFSET_BITS=64 -D_LARGEFILE64_SOURCE   -D_MT -D_REENTRANT -D_THREAD_SAFE -I/home/tiagotcc/tcc/programas/ncbi-blast-2.11.0+-src/c++/ReleaseMT/inc -I/home/tiagotcc/tcc/programas/ncbi-blast-2.11.0+-src/c++/include  -DNCBI_BUILD_SESSION_ID=1d281178-5679-4c82-9e29-bc46604df53a /home/tiagotcc/tcc/programas/ncbi-blast-2.11.0+-src/c++/src/connect/mbedtls/md2.c -o mbedtls/md2.o 
/usr/bin/gcc  -msse4.2 -std=gnu11 -fgnu89-inline -c  -Wall -Wno-format-y2k  -pthread -fopenmp -O2 -fPIC       -DNDEBUG -D_LARGEFILE_SOURCE -D_FILE_OFFSET_BITS=64 -D_LARGEFILE64_SOURCE   -D_MT -D_REENTRANT -D_THREAD_SAFE -I/home/tiagotcc/tcc/programas/ncbi-blast-2.11.0+-src/c++/ReleaseMT/inc -I/home/tiagotcc/tcc/programas/ncbi-blast-2.11.0+-src/c++/include  -DNCBI_BUILD_SESSION_ID=1d281178-5679-4c82-9e29-bc46604df53a /home/tiagotcc/tcc/programas/ncbi-blast-2.11.0+-src/c++/src/connect/mbedtls/md4.c -o mbedtls/md4.o 
/usr/bin/gcc  -msse4.2 -std=gnu11 -fgnu89-inline -c  -Wall -Wno-format-y2k  -pthread -fopenmp -O2 -fPIC       -DNDEBUG -D_LARGEFILE_SOURCE -D_FILE_OFFSET_BITS=64 -D_LARGEFILE64_SOURCE   -D_MT -D_REENTRANT -D_THREAD_SAFE -I/home/tiagotcc/tcc/programas/ncbi-blast-2.11.0+-src/c++/ReleaseMT/inc -I/home/tiagotcc/tcc/programas/ncbi-blast-2.11.0+-src/c++/include  -DNCBI_BUILD_SESSION_ID=1d281178-5679-4c82-9e29-bc46604df53a /home/tiagotcc/tcc/programas/ncbi-blast-2.11.0+-src/c++/src/connect/mbedtls/mbedtls_md5.c -o mbedtls/mbedtls_md5.o 
/usr/bin/gcc  -msse4.2 -std=gnu11 -fgnu89-inline -c  -Wall -Wno-format-y2k  -pthread -fopenmp -O2 -fPIC       -DNDEBUG -D_LARGEFILE_SOURCE -D_FILE_OFFSET_BITS=64 -D_LARGEFILE64_SOURCE   -D_MT -D_REENTRANT -D_THREAD_SAFE -I/home/tiagotcc/tcc/programas/ncbi-blast-2.11.0+-src/c++/ReleaseMT/inc -I/home/tiagotcc/tcc/programas/ncbi-blast-2.11.0+-src/c++/include  -DNCBI_BUILD_SESSION_ID=1d281178-5679-4c82-9e29-bc46604df53a /home/tiagotcc/tcc/programas/ncbi-blast-2.11.0+-src/c++/src/connect/mbedtls/md_wrap.c -o mbedtls/md_wrap.o 
/usr/bin/gcc  -msse4.2 -std=gnu11 -fgnu89-inline -c  -Wall -Wno-format-y2k  -pthread -fopenmp -O2 -fPIC       -DNDEBUG -D_LARGEFILE_SOURCE -D_FILE_OFFSET_BITS=64 -D_LARGEFILE64_SOURCE   -D_MT -D_REENTRANT -D_THREAD_SAFE -I/home/tiagotcc/tcc/programas/ncbi-blast-2.11.0+-src/c++/ReleaseMT/inc -I/home/tiagotcc/tcc/programas/ncbi-blast-2.11.0+-src/c++/include  -DNCBI_BUILD_SESSION_ID=1d281178-5679-4c82-9e29-bc46604df53a /home/tiagotcc/tcc/programas/ncbi-blast-2.11.0+-src/c++/src/connect/mbedtls/memory_buffer_alloc.c -o mbedtls/memory_buffer_alloc.o 
/usr/bin/gcc  -msse4.2 -std=gnu11 -fgnu89-inline -c  -Wall -Wno-format-y2k  -pthread -fopenmp -O2 -fPIC       -DNDEBUG -D_LARGEFILE_SOURCE -D_FILE_OFFSET_BITS=64 -D_LARGEFILE64_SOURCE   -D_MT -D_REENTRANT -D_THREAD_SAFE -I/home/tiagotcc/tcc/programas/ncbi-blast-2.11.0+-src/c++/ReleaseMT/inc -I/home/tiagotcc/tcc/programas/ncbi-blast-2.11.0+-src/c++/include  -DNCBI_BUILD_SESSION_ID=1d281178-5679-4c82-9e29-bc46604df53a /home/tiagotcc/tcc/programas/ncbi-blast-2.11.0+-src/c++/src/connect/mbedtls/oid.c -o mbedtls/oid.o 
/usr/bin/gcc  -msse4.2 -std=gnu11 -fgnu89-inline -c  -Wall -Wno-format-y2k  -pthread -fopenmp -O2 -fPIC       -DNDEBUG -D_LARGEFILE_SOURCE -D_FILE_OFFSET_BITS=64 -D_LARGEFILE64_SOURCE   -D_MT -D_REENTRANT -D_THREAD_SAFE -I/home/tiagotcc/tcc/programas/ncbi-blast-2.11.0+-src/c++/ReleaseMT/inc -I/home/tiagotcc/tcc/programas/ncbi-blast-2.11.0+-src/c++/include  -DNCBI_BUILD_SESSION_ID=1d281178-5679-4c82-9e29-bc46604df53a /home/tiagotcc/tcc/programas/ncbi-blast-2.11.0+-src/c++/src/connect/mbedtls/padlock.c -o mbedtls/padlock.o 
/usr/bin/gcc  -msse4.2 -std=gnu11 -fgnu89-inline -c  -Wall -Wno-format-y2k  -pthread -fopenmp -O2 -fPIC       -DNDEBUG -D_LARGEFILE_SOURCE -D_FILE_OFFSET_BITS=64 -D_LARGEFILE64_SOURCE   -D_MT -D_REENTRANT -D_THREAD_SAFE -I/home/tiagotcc/tcc/programas/ncbi-blast-2.11.0+-src/c++/ReleaseMT/inc -I/home/tiagotcc/tcc/programas/ncbi-blast-2.11.0+-src/c++/include  -DNCBI_BUILD_SESSION_ID=1d281178-5679-4c82-9e29-bc46604df53a /home/tiagotcc/tcc/programas/ncbi-blast-2.11.0+-src/c++/src/connect/mbedtls/pem.c -o mbedtls/pem.o 
/usr/bin/gcc  -msse4.2 -std=gnu11 -fgnu89-inline -c  -Wall -Wno-format-y2k  -pthread -fopenmp -O2 -fPIC       -DNDEBUG -D_LARGEFILE_SOURCE -D_FILE_OFFSET_BITS=64 -D_LARGEFILE64_SOURCE   -D_MT -D_REENTRANT -D_THREAD_SAFE -I/home/tiagotcc/tcc/programas/ncbi-blast-2.11.0+-src/c++/ReleaseMT/inc -I/home/tiagotcc/tcc/programas/ncbi-blast-2.11.0+-src/c++/include  -DNCBI_BUILD_SESSION_ID=1d281178-5679-4c82-9e29-bc46604df53a /home/tiagotcc/tcc/programas/ncbi-blast-2.11.0+-src/c++/src/connect/mbedtls/pk.c -o mbedtls/pk.o 
/usr/bin/gcc  -msse4.2 -std=gnu11 -fgnu89-inline -c  -Wall -Wno-format-y2k  -pthread -fopenmp -O2 -fPIC       -DNDEBUG -D_LARGEFILE_SOURCE -D_FILE_OFFSET_BITS=64 -D_LARGEFILE64_SOURCE   -D_MT -D_REENTRANT -D_THREAD_SAFE -I/home/tiagotcc/tcc/programas/ncbi-blast-2.11.0+-src/c++/ReleaseMT/inc -I/home/tiagotcc/tcc/programas/ncbi-blast-2.11.0+-src/c++/include  -DNCBI_BUILD_SESSION_ID=1d281178-5679-4c82-9e29-bc46604df53a /home/tiagotcc/tcc/programas/ncbi-blast-2.11.0+-src/c++/src/connect/mbedtls/pk_wrap.c -o mbedtls/pk_wrap.o 
/usr/bin/gcc  -msse4.2 -std=gnu11 -fgnu89-inline -c  -Wall -Wno-format-y2k  -pthread -fopenmp -O2 -fPIC       -DNDEBUG -D_LARGEFILE_SOURCE -D_FILE_OFFSET_BITS=64 -D_LARGEFILE64_SOURCE   -D_MT -D_REENTRANT -D_THREAD_SAFE -I/home/tiagotcc/tcc/programas/ncbi-blast-2.11.0+-src/c++/ReleaseMT/inc -I/home/tiagotcc/tcc/programas/ncbi-blast-2.11.0+-src/c++/include  -DNCBI_BUILD_SESSION_ID=1d281178-5679-4c82-9e29-bc46604df53a /home/tiagotcc/tcc/programas/ncbi-blast-2.11.0+-src/c++/src/connect/mbedtls/pkcs12.c -o mbedtls/pkcs12.o 
/usr/bin/gcc  -msse4.2 -std=gnu11 -fgnu89-inline -c  -Wall -Wno-format-y2k  -pthread -fopenmp -O2 -fPIC       -DNDEBUG -D_LARGEFILE_SOURCE -D_FILE_OFFSET_BITS=64 -D_LARGEFILE64_SOURCE   -D_MT -D_REENTRANT -D_THREAD_SAFE -I/home/tiagotcc/tcc/programas/ncbi-blast-2.11.0+-src/c++/ReleaseMT/inc -I/home/tiagotcc/tcc/programas/ncbi-blast-2.11.0+-src/c++/include  -DNCBI_BUILD_SESSION_ID=1d281178-5679-4c82-9e29-bc46604df53a /home/tiagotcc/tcc/programas/ncbi-blast-2.11.0+-src/c++/src/connect/mbedtls/pkcs5.c -o mbedtls/pkcs5.o 
/usr/bin/gcc  -msse4.2 -std=gnu11 -fgnu89-inline -c  -Wall -Wno-format-y2k  -pthread -fopenmp -O2 -fPIC       -DNDEBUG -D_LARGEFILE_SOURCE -D_FILE_OFFSET_BITS=64 -D_LARGEFILE64_SOURCE   -D_MT -D_REENTRANT -D_THREAD_SAFE -I/home/tiagotcc/tcc/programas/ncbi-blast-2.11.0+-src/c++/ReleaseMT/inc -I/home/tiagotcc/tcc/programas/ncbi-blast-2.11.0+-src/c++/include  -DNCBI_BUILD_SESSION_ID=1d281178-5679-4c82-9e29-bc46604df53a /home/tiagotcc/tcc/programas/ncbi-blast-2.11.0+-src/c++/src/connect/mbedtls/pkparse.c -o mbedtls/pkparse.o 
/usr/bin/gcc  -msse4.2 -std=gnu11 -fgnu89-inline -c  -Wall -Wno-format-y2k  -pthread -fopenmp -O2 -fPIC       -DNDEBUG -D_LARGEFILE_SOURCE -D_FILE_OFFSET_BITS=64 -D_LARGEFILE64_SOURCE   -D_MT -D_REENTRANT -D_THREAD_SAFE -I/home/tiagotcc/tcc/programas/ncbi-blast-2.11.0+-src/c++/ReleaseMT/inc -I/home/tiagotcc/tcc/programas/ncbi-blast-2.11.0+-src/c++/include  -DNCBI_BUILD_SESSION_ID=1d281178-5679-4c82-9e29-bc46604df53a /home/tiagotcc/tcc/programas/ncbi-blast-2.11.0+-src/c++/src/connect/mbedtls/pkwrite.c -o mbedtls/pkwrite.o 
/usr/bin/gcc  -msse4.2 -std=gnu11 -fgnu89-inline -c  -Wall -Wno-format-y2k  -pthread -fopenmp -O2 -fPIC       -DNDEBUG -D_LARGEFILE_SOURCE -D_FILE_OFFSET_BITS=64 -D_LARGEFILE64_SOURCE   -D_MT -D_REENTRANT -D_THREAD_SAFE -I/home/tiagotcc/tcc/programas/ncbi-blast-2.11.0+-src/c++/ReleaseMT/inc -I/home/tiagotcc/tcc/programas/ncbi-blast-2.11.0+-src/c++/include  -DNCBI_BUILD_SESSION_ID=1d281178-5679-4c82-9e29-bc46604df53a /home/tiagotcc/tcc/programas/ncbi-blast-2.11.0+-src/c++/src/connect/mbedtls/platform.c -o mbedtls/platform.o 
/usr/bin/gcc  -msse4.2 -std=gnu11 -fgnu89-inline -c  -Wall -Wno-format-y2k  -pthread -fopenmp -O2 -fPIC       -DNDEBUG -D_LARGEFILE_SOURCE -D_FILE_OFFSET_BITS=64 -D_LARGEFILE64_SOURCE   -D_MT -D_REENTRANT -D_THREAD_SAFE -I/home/tiagotcc/tcc/programas/ncbi-blast-2.11.0+-src/c++/ReleaseMT/inc -I/home/tiagotcc/tcc/programas/ncbi-blast-2.11.0+-src/c++/include  -DNCBI_BUILD_SESSION_ID=1d281178-5679-4c82-9e29-bc46604df53a /home/tiagotcc/tcc/programas/ncbi-blast-2.11.0+-src/c++/src/connect/mbedtls/ripemd160.c -o mbedtls/ripemd160.o 
/usr/bin/gcc  -msse4.2 -std=gnu11 -fgnu89-inline -c  -Wall -Wno-format-y2k  -pthread -fopenmp -O2 -fPIC       -DNDEBUG -D_LARGEFILE_SOURCE -D_FILE_OFFSET_BITS=64 -D_LARGEFILE64_SOURCE   -D_MT -D_REENTRANT -D_THREAD_SAFE -I/home/tiagotcc/tcc/programas/ncbi-blast-2.11.0+-src/c++/ReleaseMT/inc -I/home/tiagotcc/tcc/programas/ncbi-blast-2.11.0+-src/c++/include  -DNCBI_BUILD_SESSION_ID=1d281178-5679-4c82-9e29-bc46604df53a /home/tiagotcc/tcc/programas/ncbi-blast-2.11.0+-src/c++/src/connect/mbedtls/rsa.c -o mbedtls/rsa.o 
/usr/bin/gcc  -msse4.2 -std=gnu11 -fgnu89-inline -c  -Wall -Wno-format-y2k  -pthread -fopenmp -O2 -fPIC       -DNDEBUG -D_LARGEFILE_SOURCE -D_FILE_OFFSET_BITS=64 -D_LARGEFILE64_SOURCE   -D_MT -D_REENTRANT -D_THREAD_SAFE -I/home/tiagotcc/tcc/programas/ncbi-blast-2.11.0+-src/c++/ReleaseMT/inc -I/home/tiagotcc/tcc/programas/ncbi-blast-2.11.0+-src/c++/include  -DNCBI_BUILD_SESSION_ID=1d281178-5679-4c82-9e29-bc46604df53a /home/tiagotcc/tcc/programas/ncbi-blast-2.11.0+-src/c++/src/connect/mbedtls/rsa_internal.c -o mbedtls/rsa_internal.o 
/usr/bin/gcc  -msse4.2 -std=gnu11 -fgnu89-inline -c  -Wall -Wno-format-y2k  -pthread -fopenmp -O2 -fPIC       -DNDEBUG -D_LARGEFILE_SOURCE -D_FILE_OFFSET_BITS=64 -D_LARGEFILE64_SOURCE   -D_MT -D_REENTRANT -D_THREAD_SAFE -I/home/tiagotcc/tcc/programas/ncbi-blast-2.11.0+-src/c++/ReleaseMT/inc -I/home/tiagotcc/tcc/programas/ncbi-blast-2.11.0+-src/c++/include  -DNCBI_BUILD_SESSION_ID=1d281178-5679-4c82-9e29-bc46604df53a /home/tiagotcc/tcc/programas/ncbi-blast-2.11.0+-src/c++/src/connect/mbedtls/sha1.c -o mbedtls/sha1.o 
/usr/bin/gcc  -msse4.2 -std=gnu11 -fgnu89-inline -c  -Wall -Wno-format-y2k  -pthread -fopenmp -O2 -fPIC       -DNDEBUG -D_LARGEFILE_SOURCE -D_FILE_OFFSET_BITS=64 -D_LARGEFILE64_SOURCE   -D_MT -D_REENTRANT -D_THREAD_SAFE -I/home/tiagotcc/tcc/programas/ncbi-blast-2.11.0+-src/c++/ReleaseMT/inc -I/home/tiagotcc/tcc/programas/ncbi-blast-2.11.0+-src/c++/include  -DNCBI_BUILD_SESSION_ID=1d281178-5679-4c82-9e29-bc46604df53a /home/tiagotcc/tcc/programas/ncbi-blast-2.11.0+-src/c++/src/connect/mbedtls/sha256.c -o mbedtls/sha256.o 
/usr/bin/gcc  -msse4.2 -std=gnu11 -fgnu89-inline -c  -Wall -Wno-format-y2k  -pthread -fopenmp -O2 -fPIC       -DNDEBUG -D_LARGEFILE_SOURCE -D_FILE_OFFSET_BITS=64 -D_LARGEFILE64_SOURCE   -D_MT -D_REENTRANT -D_THREAD_SAFE -I/home/tiagotcc/tcc/programas/ncbi-blast-2.11.0+-src/c++/ReleaseMT/inc -I/home/tiagotcc/tcc/programas/ncbi-blast-2.11.0+-src/c++/include  -DNCBI_BUILD_SESSION_ID=1d281178-5679-4c82-9e29-bc46604df53a /home/tiagotcc/tcc/programas/ncbi-blast-2.11.0+-src/c++/src/connect/mbedtls/sha512.c -o mbedtls/sha512.o 
/usr/bin/gcc  -msse4.2 -std=gnu11 -fgnu89-inline -c  -Wall -Wno-format-y2k  -pthread -fopenmp -O2 -fPIC       -DNDEBUG -D_LARGEFILE_SOURCE -D_FILE_OFFSET_BITS=64 -D_LARGEFILE64_SOURCE   -D_MT -D_REENTRANT -D_THREAD_SAFE -I/home/tiagotcc/tcc/programas/ncbi-blast-2.11.0+-src/c++/ReleaseMT/inc -I/home/tiagotcc/tcc/programas/ncbi-blast-2.11.0+-src/c++/include  -DNCBI_BUILD_SESSION_ID=1d281178-5679-4c82-9e29-bc46604df53a /home/tiagotcc/tcc/programas/ncbi-blast-2.11.0+-src/c++/src/connect/mbedtls/threading.c -o mbedtls/threading.o 
/usr/bin/gcc  -msse4.2 -std=gnu11 -fgnu89-inline -c  -Wall -Wno-format-y2k  -pthread -fopenmp -O2 -fPIC       -DNDEBUG -D_LARGEFILE_SOURCE -D_FILE_OFFSET_BITS=64 -D_LARGEFILE64_SOURCE   -D_MT -D_REENTRANT -D_THREAD_SAFE -I/home/tiagotcc/tcc/programas/ncbi-blast-2.11.0+-src/c++/ReleaseMT/inc -I/home/tiagotcc/tcc/programas/ncbi-blast-2.11.0+-src/c++/include  -DNCBI_BUILD_SESSION_ID=1d281178-5679-4c82-9e29-bc46604df53a /home/tiagotcc/tcc/programas/ncbi-blast-2.11.0+-src/c++/src/connect/mbedtls/timing.c -o mbedtls/timing.o 
/usr/bin/gcc  -msse4.2 -std=gnu11 -fgnu89-inline -c  -Wall -Wno-format-y2k  -pthread -fopenmp -O2 -fPIC       -DNDEBUG -D_LARGEFILE_SOURCE -D_FILE_OFFSET_BITS=64 -D_LARGEFILE64_SOURCE   -D_MT -D_REENTRANT -D_THREAD_SAFE -I/home/tiagotcc/tcc/programas/ncbi-blast-2.11.0+-src/c++/ReleaseMT/inc -I/home/tiagotcc/tcc/programas/ncbi-blast-2.11.0+-src/c++/include  -DNCBI_BUILD_SESSION_ID=1d281178-5679-4c82-9e29-bc46604df53a /home/tiagotcc/tcc/programas/ncbi-blast-2.11.0+-src/c++/src/connect/mbedtls/mbedtls_version.c -o mbedtls/mbedtls_version.o 
/usr/bin/gcc  -msse4.2 -std=gnu11 -fgnu89-inline -c  -Wall -Wno-format-y2k  -pthread -fopenmp -O2 -fPIC       -DNDEBUG -D_LARGEFILE_SOURCE -D_FILE_OFFSET_BITS=64 -D_LARGEFILE64_SOURCE   -D_MT -D_REENTRANT -D_THREAD_SAFE -I/home/tiagotcc/tcc/programas/ncbi-blast-2.11.0+-src/c++/ReleaseMT/inc -I/home/tiagotcc/tcc/programas/ncbi-blast-2.11.0+-src/c++/include  -DNCBI_BUILD_SESSION_ID=1d281178-5679-4c82-9e29-bc46604df53a /home/tiagotcc/tcc/programas/ncbi-blast-2.11.0+-src/c++/src/connect/mbedtls/version_features.c -o mbedtls/version_features.o 
/usr/bin/gcc  -msse4.2 -std=gnu11 -fgnu89-inline -c  -Wall -Wno-format-y2k  -pthread -fopenmp -O2 -fPIC       -DNDEBUG -D_LARGEFILE_SOURCE -D_FILE_OFFSET_BITS=64 -D_LARGEFILE64_SOURCE   -D_MT -D_REENTRANT -D_THREAD_SAFE -I/home/tiagotcc/tcc/programas/ncbi-blast-2.11.0+-src/c++/ReleaseMT/inc -I/home/tiagotcc/tcc/programas/ncbi-blast-2.11.0+-src/c++/include  -DNCBI_BUILD_SESSION_ID=1d281178-5679-4c82-9e29-bc46604df53a /home/tiagotcc/tcc/programas/ncbi-blast-2.11.0+-src/c++/src/connect/mbedtls/xtea.c -o mbedtls/xtea.o 
/usr/bin/gcc  -msse4.2 -std=gnu11 -fgnu89-inline -c  -Wall -Wno-format-y2k  -pthread -fopenmp -O2 -fPIC       -DNDEBUG -D_LARGEFILE_SOURCE -D_FILE_OFFSET_BITS=64 -D_LARGEFILE64_SOURCE   -D_MT -D_REENTRANT -D_THREAD_SAFE -I/home/tiagotcc/tcc/programas/ncbi-blast-2.11.0+-src/c++/ReleaseMT/inc -I/home/tiagotcc/tcc/programas/ncbi-blast-2.11.0+-src/c++/include  -DNCBI_BUILD_SESSION_ID=1d281178-5679-4c82-9e29-bc46604df53a /home/tiagotcc/tcc/programas/ncbi-blast-2.11.0+-src/c++/src/connect/mbedtls/certs.c -o mbedtls/certs.o 
/usr/bin/gcc  -msse4.2 -std=gnu11 -fgnu89-inline -c  -Wall -Wno-format-y2k  -pthread -fopenmp -O2 -fPIC       -DNDEBUG -D_LARGEFILE_SOURCE -D_FILE_OFFSET_BITS=64 -D_LARGEFILE64_SOURCE   -D_MT -D_REENTRANT -D_THREAD_SAFE -I/home/tiagotcc/tcc/programas/ncbi-blast-2.11.0+-src/c++/ReleaseMT/inc -I/home/tiagotcc/tcc/programas/ncbi-blast-2.11.0+-src/c++/include  -DNCBI_BUILD_SESSION_ID=1d281178-5679-4c82-9e29-bc46604df53a /home/tiagotcc/tcc/programas/ncbi-blast-2.11.0+-src/c++/src/connect/mbedtls/pkcs11.c -o mbedtls/pkcs11.o 
/usr/bin/gcc  -msse4.2 -std=gnu11 -fgnu89-inline -c  -Wall -Wno-format-y2k  -pthread -fopenmp -O2 -fPIC       -DNDEBUG -D_LARGEFILE_SOURCE -D_FILE_OFFSET_BITS=64 -D_LARGEFILE64_SOURCE   -D_MT -D_REENTRANT -D_THREAD_SAFE -I/home/tiagotcc/tcc/programas/ncbi-blast-2.11.0+-src/c++/ReleaseMT/inc -I/home/tiagotcc/tcc/programas/ncbi-blast-2.11.0+-src/c++/include  -DNCBI_BUILD_SESSION_ID=1d281178-5679-4c82-9e29-bc46604df53a /home/tiagotcc/tcc/programas/ncbi-blast-2.11.0+-src/c++/src/connect/mbedtls/x509.c -o mbedtls/x509.o 
/usr/bin/gcc  -msse4.2 -std=gnu11 -fgnu89-inline -c  -Wall -Wno-format-y2k  -pthread -fopenmp -O2 -fPIC       -DNDEBUG -D_LARGEFILE_SOURCE -D_FILE_OFFSET_BITS=64 -D_LARGEFILE64_SOURCE   -D_MT -D_REENTRANT -D_THREAD_SAFE -I/home/tiagotcc/tcc/programas/ncbi-blast-2.11.0+-src/c++/ReleaseMT/inc -I/home/tiagotcc/tcc/programas/ncbi-blast-2.11.0+-src/c++/include  -DNCBI_BUILD_SESSION_ID=1d281178-5679-4c82-9e29-bc46604df53a /home/tiagotcc/tcc/programas/ncbi-blast-2.11.0+-src/c++/src/connect/mbedtls/x509_create.c -o mbedtls/x509_create.o 
/usr/bin/gcc  -msse4.2 -std=gnu11 -fgnu89-inline -c  -Wall -Wno-format-y2k  -pthread -fopenmp -O2 -fPIC       -DNDEBUG -D_LARGEFILE_SOURCE -D_FILE_OFFSET_BITS=64 -D_LARGEFILE64_SOURCE   -D_MT -D_REENTRANT -D_THREAD_SAFE -I/home/tiagotcc/tcc/programas/ncbi-blast-2.11.0+-src/c++/ReleaseMT/inc -I/home/tiagotcc/tcc/programas/ncbi-blast-2.11.0+-src/c++/include  -DNCBI_BUILD_SESSION_ID=1d281178-5679-4c82-9e29-bc46604df53a /home/tiagotcc/tcc/programas/ncbi-blast-2.11.0+-src/c++/src/connect/mbedtls/x509_crl.c -o mbedtls/x509_crl.o 
/usr/bin/gcc  -msse4.2 -std=gnu11 -fgnu89-inline -c  -Wall -Wno-format-y2k  -pthread -fopenmp -O2 -fPIC       -DNDEBUG -D_LARGEFILE_SOURCE -D_FILE_OFFSET_BITS=64 -D_LARGEFILE64_SOURCE   -D_MT -D_REENTRANT -D_THREAD_SAFE -I/home/tiagotcc/tcc/programas/ncbi-blast-2.11.0+-src/c++/ReleaseMT/inc -I/home/tiagotcc/tcc/programas/ncbi-blast-2.11.0+-src/c++/include  -DNCBI_BUILD_SESSION_ID=1d281178-5679-4c82-9e29-bc46604df53a /home/tiagotcc/tcc/programas/ncbi-blast-2.11.0+-src/c++/src/connect/mbedtls/x509_crt.c -o mbedtls/x509_crt.o 
/usr/bin/gcc  -msse4.2 -std=gnu11 -fgnu89-inline -c  -Wall -Wno-format-y2k  -pthread -fopenmp -O2 -fPIC       -DNDEBUG -D_LARGEFILE_SOURCE -D_FILE_OFFSET_BITS=64 -D_LARGEFILE64_SOURCE   -D_MT -D_REENTRANT -D_THREAD_SAFE -I/home/tiagotcc/tcc/programas/ncbi-blast-2.11.0+-src/c++/ReleaseMT/inc -I/home/tiagotcc/tcc/programas/ncbi-blast-2.11.0+-src/c++/include  -DNCBI_BUILD_SESSION_ID=1d281178-5679-4c82-9e29-bc46604df53a /home/tiagotcc/tcc/programas/ncbi-blast-2.11.0+-src/c++/src/connect/mbedtls/x509_csr.c -o mbedtls/x509_csr.o 
/usr/bin/gcc  -msse4.2 -std=gnu11 -fgnu89-inline -c  -Wall -Wno-format-y2k  -pthread -fopenmp -O2 -fPIC       -DNDEBUG -D_LARGEFILE_SOURCE -D_FILE_OFFSET_BITS=64 -D_LARGEFILE64_SOURCE   -D_MT -D_REENTRANT -D_THREAD_SAFE -I/home/tiagotcc/tcc/programas/ncbi-blast-2.11.0+-src/c++/ReleaseMT/inc -I/home/tiagotcc/tcc/programas/ncbi-blast-2.11.0+-src/c++/include  -DNCBI_BUILD_SESSION_ID=1d281178-5679-4c82-9e29-bc46604df53a /home/tiagotcc/tcc/programas/ncbi-blast-2.11.0+-src/c++/src/connect/mbedtls/x509write_crt.c -o mbedtls/x509write_crt.o 
/usr/bin/gcc  -msse4.2 -std=gnu11 -fgnu89-inline -c  -Wall -Wno-format-y2k  -pthread -fopenmp -O2 -fPIC       -DNDEBUG -D_LARGEFILE_SOURCE -D_FILE_OFFSET_BITS=64 -D_LARGEFILE64_SOURCE   -D_MT -D_REENTRANT -D_THREAD_SAFE -I/home/tiagotcc/tcc/programas/ncbi-blast-2.11.0+-src/c++/ReleaseMT/inc -I/home/tiagotcc/tcc/programas/ncbi-blast-2.11.0+-src/c++/include  -DNCBI_BUILD_SESSION_ID=1d281178-5679-4c82-9e29-bc46604df53a /home/tiagotcc/tcc/programas/ncbi-blast-2.11.0+-src/c++/src/connect/mbedtls/x509write_csr.c -o mbedtls/x509write_csr.o 
/usr/bin/gcc  -msse4.2 -std=gnu11 -fgnu89-inline -c  -Wall -Wno-format-y2k  -pthread -fopenmp -O2 -fPIC       -DNDEBUG -D_LARGEFILE_SOURCE -D_FILE_OFFSET_BITS=64 -D_LARGEFILE64_SOURCE   -D_MT -D_REENTRANT -D_THREAD_SAFE -I/home/tiagotcc/tcc/programas/ncbi-blast-2.11.0+-src/c++/ReleaseMT/inc -I/home/tiagotcc/tcc/programas/ncbi-blast-2.11.0+-src/c++/include  -DNCBI_BUILD_SESSION_ID=1d281178-5679-4c82-9e29-bc46604df53a /home/tiagotcc/tcc/programas/ncbi-blast-2.11.0+-src/c++/src/connect/mbedtls/debug.c -o mbedtls/debug.o 
/usr/bin/gcc  -msse4.2 -std=gnu11 -fgnu89-inline -c  -Wall -Wno-format-y2k  -pthread -fopenmp -O2 -fPIC       -DNDEBUG -D_LARGEFILE_SOURCE -D_FILE_OFFSET_BITS=64 -D_LARGEFILE64_SOURCE   -D_MT -D_REENTRANT -D_THREAD_SAFE -I/home/tiagotcc/tcc/programas/ncbi-blast-2.11.0+-src/c++/ReleaseMT/inc -I/home/tiagotcc/tcc/programas/ncbi-blast-2.11.0+-src/c++/include  -DNCBI_BUILD_SESSION_ID=1d281178-5679-4c82-9e29-bc46604df53a /home/tiagotcc/tcc/programas/ncbi-blast-2.11.0+-src/c++/src/connect/mbedtls/net_sockets.c -o mbedtls/net_sockets.o 
/usr/bin/gcc  -msse4.2 -std=gnu11 -fgnu89-inline -c  -Wall -Wno-format-y2k  -pthread -fopenmp -O2 -fPIC       -DNDEBUG -D_LARGEFILE_SOURCE -D_FILE_OFFSET_BITS=64 -D_LARGEFILE64_SOURCE   -D_MT -D_REENTRANT -D_THREAD_SAFE -I/home/tiagotcc/tcc/programas/ncbi-blast-2.11.0+-src/c++/ReleaseMT/inc -I/home/tiagotcc/tcc/programas/ncbi-blast-2.11.0+-src/c++/include  -DNCBI_BUILD_SESSION_ID=1d281178-5679-4c82-9e29-bc46604df53a /home/tiagotcc/tcc/programas/ncbi-blast-2.11.0+-src/c++/src/connect/mbedtls/ssl_cache.c -o mbedtls/ssl_cache.o 
/usr/bin/gcc  -msse4.2 -std=gnu11 -fgnu89-inline -c  -Wall -Wno-format-y2k  -pthread -fopenmp -O2 -fPIC       -DNDEBUG -D_LARGEFILE_SOURCE -D_FILE_OFFSET_BITS=64 -D_LARGEFILE64_SOURCE   -D_MT -D_REENTRANT -D_THREAD_SAFE -I/home/tiagotcc/tcc/programas/ncbi-blast-2.11.0+-src/c++/ReleaseMT/inc -I/home/tiagotcc/tcc/programas/ncbi-blast-2.11.0+-src/c++/include  -DNCBI_BUILD_SESSION_ID=1d281178-5679-4c82-9e29-bc46604df53a /home/tiagotcc/tcc/programas/ncbi-blast-2.11.0+-src/c++/src/connect/mbedtls/ssl_ciphersuites.c -o mbedtls/ssl_ciphersuites.o 
/usr/bin/gcc  -msse4.2 -std=gnu11 -fgnu89-inline -c  -Wall -Wno-format-y2k  -pthread -fopenmp -O2 -fPIC       -DNDEBUG -D_LARGEFILE_SOURCE -D_FILE_OFFSET_BITS=64 -D_LARGEFILE64_SOURCE   -D_MT -D_REENTRANT -D_THREAD_SAFE -I/home/tiagotcc/tcc/programas/ncbi-blast-2.11.0+-src/c++/ReleaseMT/inc -I/home/tiagotcc/tcc/programas/ncbi-blast-2.11.0+-src/c++/include  -DNCBI_BUILD_SESSION_ID=1d281178-5679-4c82-9e29-bc46604df53a /home/tiagotcc/tcc/programas/ncbi-blast-2.11.0+-src/c++/src/connect/mbedtls/ssl_cli.c -o mbedtls/ssl_cli.o 
/usr/bin/gcc  -msse4.2 -std=gnu11 -fgnu89-inline -c  -Wall -Wno-format-y2k  -pthread -fopenmp -O2 -fPIC       -DNDEBUG -D_LARGEFILE_SOURCE -D_FILE_OFFSET_BITS=64 -D_LARGEFILE64_SOURCE   -D_MT -D_REENTRANT -D_THREAD_SAFE -I/home/tiagotcc/tcc/programas/ncbi-blast-2.11.0+-src/c++/ReleaseMT/inc -I/home/tiagotcc/tcc/programas/ncbi-blast-2.11.0+-src/c++/include  -DNCBI_BUILD_SESSION_ID=1d281178-5679-4c82-9e29-bc46604df53a /home/tiagotcc/tcc/programas/ncbi-blast-2.11.0+-src/c++/src/connect/mbedtls/ssl_cookie.c -o mbedtls/ssl_cookie.o 
/usr/bin/gcc  -msse4.2 -std=gnu11 -fgnu89-inline -c  -Wall -Wno-format-y2k  -pthread -fopenmp -O2 -fPIC       -DNDEBUG -D_LARGEFILE_SOURCE -D_FILE_OFFSET_BITS=64 -D_LARGEFILE64_SOURCE   -D_MT -D_REENTRANT -D_THREAD_SAFE -I/home/tiagotcc/tcc/programas/ncbi-blast-2.11.0+-src/c++/ReleaseMT/inc -I/home/tiagotcc/tcc/programas/ncbi-blast-2.11.0+-src/c++/include  -DNCBI_BUILD_SESSION_ID=1d281178-5679-4c82-9e29-bc46604df53a /home/tiagotcc/tcc/programas/ncbi-blast-2.11.0+-src/c++/src/connect/mbedtls/ssl_srv.c -o mbedtls/ssl_srv.o 
/usr/bin/gcc  -msse4.2 -std=gnu11 -fgnu89-inline -c  -Wall -Wno-format-y2k  -pthread -fopenmp -O2 -fPIC       -DNDEBUG -D_LARGEFILE_SOURCE -D_FILE_OFFSET_BITS=64 -D_LARGEFILE64_SOURCE   -D_MT -D_REENTRANT -D_THREAD_SAFE -I/home/tiagotcc/tcc/programas/ncbi-blast-2.11.0+-src/c++/ReleaseMT/inc -I/home/tiagotcc/tcc/programas/ncbi-blast-2.11.0+-src/c++/include  -DNCBI_BUILD_SESSION_ID=1d281178-5679-4c82-9e29-bc46604df53a /home/tiagotcc/tcc/programas/ncbi-blast-2.11.0+-src/c++/src/connect/mbedtls/ssl_ticket.c -o mbedtls/ssl_ticket.o 
/usr/bin/gcc  -msse4.2 -std=gnu11 -fgnu89-inline -c  -Wall -Wno-format-y2k  -pthread -fopenmp -O2 -fPIC       -DNDEBUG -D_LARGEFILE_SOURCE -D_FILE_OFFSET_BITS=64 -D_LARGEFILE64_SOURCE   -D_MT -D_REENTRANT -D_THREAD_SAFE -I/home/tiagotcc/tcc/programas/ncbi-blast-2.11.0+-src/c++/ReleaseMT/inc -I/home/tiagotcc/tcc/programas/ncbi-blast-2.11.0+-src/c++/include  -DNCBI_BUILD_SESSION_ID=1d281178-5679-4c82-9e29-bc46604df53a /home/tiagotcc/tcc/programas/ncbi-blast-2.11.0+-src/c++/src/connect/mbedtls/ssl_tls.c -o mbedtls/ssl_tls.o 
/bin/rm -f libconnssl.a .libconnssl.a.stamp
ar cr libconnssl.a ncbi_gnutls.o ncbi_mbedtls.o ncbi_tls.o mbedtls/aes.o mbedtls/aesni.o mbedtls/arc4.o mbedtls/asn1parse.o mbedtls/asn1write.o mbedtls/base64.o mbedtls/bignum.o mbedtls/blowfish.o mbedtls/camellia.o mbedtls/ccm.o mbedtls/cipher.o mbedtls/cipher_wrap.o mbedtls/cmac.o mbedtls/ctr_drbg.o mbedtls/des.o mbedtls/dhm.o mbedtls/ecdh.o mbedtls/ecdsa.o mbedtls/ecjpake.o mbedtls/ecp.o mbedtls/ecp_curves.o mbedtls/entropy.o mbedtls/entropy_poll.o mbedtls/error.o mbedtls/gcm.o mbedtls/havege.o mbedtls/hmac_drbg.o mbedtls/md.o mbedtls/md2.o mbedtls/md4.o mbedtls/mbedtls_md5.o mbedtls/md_wrap.o mbedtls/memory_buffer_alloc.o mbedtls/oid.o mbedtls/padlock.o mbedtls/pem.o mbedtls/pk.o mbedtls/pk_wrap.o mbedtls/pkcs12.o mbedtls/pkcs5.o mbedtls/pkparse.o mbedtls/pkwrite.o mbedtls/platform.o mbedtls/ripemd160.o mbedtls/rsa.o mbedtls/rsa_internal.o mbedtls/sha1.o mbedtls/sha256.o mbedtls/sha512.o mbedtls/threading.o mbedtls/timing.o mbedtls/mbedtls_version.o mbedtls/version_features.o mbedtls/xtea.o mbedtls/certs.o mbedtls/pkcs11.o mbedtls/x509.o mbedtls/x509_create.o mbedtls/x509_crl.o mbedtls/x509_crt.o mbedtls/x509_csr.o mbedtls/x509write_crt.o mbedtls/x509write_csr.o mbedtls/debug.o mbedtls/net_sockets.o mbedtls/ssl_cache.o mbedtls/ssl_ciphersuites.o mbedtls/ssl_cli.o mbedtls/ssl_cookie.o mbedtls/ssl_srv.o mbedtls/ssl_ticket.o mbedtls/ssl_tls.o  
/bin/bash /home/tiagotcc/tcc/programas/ncbi-blast-2.11.0+-src/c++/scripts/common/impl/if_diff.sh /bin/ln -f libconnssl.a /home/tiagotcc/tcc/programas/ncbi-blast-2.11.0+-src/c++/ReleaseMT/lib
/bin/ln -f libconnssl.a /home/tiagotcc/tcc/programas/ncbi-blast-2.11.0+-src/c++/ReleaseMT/lib/libconnssl.a
/bin/ln -f .connssl.dep /home/tiagotcc/tcc/programas/ncbi-blast-2.11.0+-src/c++/ReleaseMT/status/.connssl.dep
make[3]: Leaving directory '/home/tiagotcc/tcc/programas/ncbi-blast-2.11.0+-src/c++/ReleaseMT/build/connect'
