make[4]: Entering directory '/home/tiagotcc/tcc/programas/ncbi-blast-2.11.0+-src/c++/ReleaseMT/build/algo/blast/proteinkmer'
Updating dependency information for /home/tiagotcc/tcc/programas/ncbi-blast-2.11.0+-src/c++/src/algo/blast/proteinkmer/kblastapi.cpp.
Updating dependency information for /home/tiagotcc/tcc/programas/ncbi-blast-2.11.0+-src/c++/src/algo/blast/proteinkmer/pearson.cpp.
Updating dependency information for /home/tiagotcc/tcc/programas/ncbi-blast-2.11.0+-src/c++/src/algo/blast/proteinkmer/mhfile.cpp.
Updating dependency information for /home/tiagotcc/tcc/programas/ncbi-blast-2.11.0+-src/c++/src/algo/blast/proteinkmer/blastkmerutils.cpp.
Updating dependency information for /home/tiagotcc/tcc/programas/ncbi-blast-2.11.0+-src/c++/src/algo/blast/proteinkmer/blastkmerresults.cpp.
Updating dependency information for /home/tiagotcc/tcc/programas/ncbi-blast-2.11.0+-src/c++/src/algo/blast/proteinkmer/blastkmeroptions.cpp.
Updating dependency information for /home/tiagotcc/tcc/programas/ncbi-blast-2.11.0+-src/c++/src/algo/blast/proteinkmer/blastkmerindex.cpp.
Updating dependency information for /home/tiagotcc/tcc/programas/ncbi-blast-2.11.0+-src/c++/src/algo/blast/proteinkmer/blastkmer.cpp.
/usr/bin/g++  -std=gnu++14 -msse4.2 -c  -Wall -Wno-format-y2k  -pthread -fopenmp -fPIC   -O3 -finline-functions -fstrict-aliasing -fomit-frame-pointer  -DNDEBUG -D_LARGEFILE_SOURCE -D_FILE_OFFSET_BITS=64 -D_LARGEFILE64_SOURCE   -D_MT -D_REENTRANT -D_THREAD_SAFE -I/home/tiagotcc/tcc/programas/ncbi-blast-2.11.0+-src/c++/ReleaseMT/inc -I/home/tiagotcc/tcc/programas/ncbi-blast-2.11.0+-src/c++/include  -Wno-unused-local-typedefs -DNCBI_BUILD_SESSION_ID=1d281178-5679-4c82-9e29-bc46604df53a /home/tiagotcc/tcc/programas/ncbi-blast-2.11.0+-src/c++/src/algo/blast/proteinkmer/blastkmer.cpp -o blastkmer.o 
/usr/bin/g++  -std=gnu++14 -msse4.2 -c  -Wall -Wno-format-y2k  -pthread -fopenmp -fPIC   -O3 -finline-functions -fstrict-aliasing -fomit-frame-pointer  -DNDEBUG -D_LARGEFILE_SOURCE -D_FILE_OFFSET_BITS=64 -D_LARGEFILE64_SOURCE   -D_MT -D_REENTRANT -D_THREAD_SAFE -I/home/tiagotcc/tcc/programas/ncbi-blast-2.11.0+-src/c++/ReleaseMT/inc -I/home/tiagotcc/tcc/programas/ncbi-blast-2.11.0+-src/c++/include  -Wno-unused-local-typedefs -DNCBI_BUILD_SESSION_ID=1d281178-5679-4c82-9e29-bc46604df53a /home/tiagotcc/tcc/programas/ncbi-blast-2.11.0+-src/c++/src/algo/blast/proteinkmer/blastkmerindex.cpp -o blastkmerindex.o 
/usr/bin/g++  -std=gnu++14 -msse4.2 -c  -Wall -Wno-format-y2k  -pthread -fopenmp -fPIC   -O3 -finline-functions -fstrict-aliasing -fomit-frame-pointer  -DNDEBUG -D_LARGEFILE_SOURCE -D_FILE_OFFSET_BITS=64 -D_LARGEFILE64_SOURCE   -D_MT -D_REENTRANT -D_THREAD_SAFE -I/home/tiagotcc/tcc/programas/ncbi-blast-2.11.0+-src/c++/ReleaseMT/inc -I/home/tiagotcc/tcc/programas/ncbi-blast-2.11.0+-src/c++/include  -Wno-unused-local-typedefs -DNCBI_BUILD_SESSION_ID=1d281178-5679-4c82-9e29-bc46604df53a /home/tiagotcc/tcc/programas/ncbi-blast-2.11.0+-src/c++/src/algo/blast/proteinkmer/blastkmeroptions.cpp -o blastkmeroptions.o 
/usr/bin/g++  -std=gnu++14 -msse4.2 -c  -Wall -Wno-format-y2k  -pthread -fopenmp -fPIC   -O3 -finline-functions -fstrict-aliasing -fomit-frame-pointer  -DNDEBUG -D_LARGEFILE_SOURCE -D_FILE_OFFSET_BITS=64 -D_LARGEFILE64_SOURCE   -D_MT -D_REENTRANT -D_THREAD_SAFE -I/home/tiagotcc/tcc/programas/ncbi-blast-2.11.0+-src/c++/ReleaseMT/inc -I/home/tiagotcc/tcc/programas/ncbi-blast-2.11.0+-src/c++/include  -Wno-unused-local-typedefs -DNCBI_BUILD_SESSION_ID=1d281178-5679-4c82-9e29-bc46604df53a /home/tiagotcc/tcc/programas/ncbi-blast-2.11.0+-src/c++/src/algo/blast/proteinkmer/blastkmerresults.cpp -o blastkmerresults.o 
/usr/bin/g++  -std=gnu++14 -msse4.2 -c  -Wall -Wno-format-y2k  -pthread -fopenmp -fPIC   -O3 -finline-functions -fstrict-aliasing -fomit-frame-pointer  -DNDEBUG -D_LARGEFILE_SOURCE -D_FILE_OFFSET_BITS=64 -D_LARGEFILE64_SOURCE   -D_MT -D_REENTRANT -D_THREAD_SAFE -I/home/tiagotcc/tcc/programas/ncbi-blast-2.11.0+-src/c++/ReleaseMT/inc -I/home/tiagotcc/tcc/programas/ncbi-blast-2.11.0+-src/c++/include  -Wno-unused-local-typedefs -DNCBI_BUILD_SESSION_ID=1d281178-5679-4c82-9e29-bc46604df53a /home/tiagotcc/tcc/programas/ncbi-blast-2.11.0+-src/c++/src/algo/blast/proteinkmer/blastkmerutils.cpp -o blastkmerutils.o 
e/tiagotcc/tcc/programas/ncbi-blast-2.11.0+-src/c++/src/algo/blast/proteinkmer/blastkmerutils.cpp:447:0:a ivdep  [asa ivdep
 
e/tiagotcc/tcc/programas/ncbi-blast-2.11.0+-src/c++/src/algo/blast/proteinkmer/blastkmerutils.cpp:erPrelimScoreVector&, ncbi::BlastKmerStats&, int)e/tiagotcc/tcc/programas/ncbi-blast-2.11.0+-src/c++/src/algo/blast/proteinkmer/blastkmerutils.cpp:807:17:parison between signed and unsigned integer expressions [pare/usr/bin/g++  -std=gnu++14 -msse4.2 -c  -Wall -Wno-format-y2k  -pthread -fopenmp -fPIC   -O3 -finline-functions -fstrict-aliasing -fomit-frame-pointer  -DNDEBUG -D_LARGEFILE_SOURCE -D_FILE_OFFSET_BITS=64 -D_LARGEFILE64_SOURCE   -D_MT -D_REENTRANT -D_THREAD_SAFE -I/home/tiagotcc/tcc/programas/ncbi-blast-2.11.0+-src/c++/ReleaseMT/inc -I/home/tiagotcc/tcc/programas/ncbi-blast-2.11.0+-src/c++/include  -Wno-unused-local-typedefs -DNCBI_BUILD_SESSION_ID=1d281178-5679-4c82-9e29-bc46604df53a /home/tiagotcc/tcc/programas/ncbi-blast-2.11.0+-src/c++/src/algo/blast/proteinkmer/mhfile.cpp -o mhfile.o 
e/tiagotcc/tcc/programas/ncbi-blast-2.11.0+-src/c++/src/algo/blast/proteinkmer/mhfile.cpp:84:0:a ivdep  [asa ivdep
 
e/tiagotcc/tcc/programas/ncbi-blast-2.11.0+-src/c++/src/algo/blast/proteinkmer/mhfile.cpp:91:0:a ivdep  [asa ivdep
 
e/tiagotcc/tcc/programas/ncbi-blast-2.11.0+-src/c++/src/algo/blast/proteinkmer/mhfile.cpp:98:0:a ivdep  [asa ivdep
 
e/tiagotcc/tcc/programas/ncbi-blast-2.11.0+-src/c++/src/algo/blast/proteinkmer/mhfile.cpp:ember function ‘e/tiagotcc/tcc/programas/ncbi-blast-2.11.0+-src/c++/src/algo/blast/proteinkmer/mhfile.cpp:77:18:parison between signed and unsigned integer expressions [pareHashes/usr/bin/g++  -std=gnu++14 -msse4.2 -c  -Wall -Wno-format-y2k  -pthread -fopenmp -fPIC   -O3 -finline-functions -fstrict-aliasing -fomit-frame-pointer  -DNDEBUG -D_LARGEFILE_SOURCE -D_FILE_OFFSET_BITS=64 -D_LARGEFILE64_SOURCE   -D_MT -D_REENTRANT -D_THREAD_SAFE -I/home/tiagotcc/tcc/programas/ncbi-blast-2.11.0+-src/c++/ReleaseMT/inc -I/home/tiagotcc/tcc/programas/ncbi-blast-2.11.0+-src/c++/include  -Wno-unused-local-typedefs -DNCBI_BUILD_SESSION_ID=1d281178-5679-4c82-9e29-bc46604df53a /home/tiagotcc/tcc/programas/ncbi-blast-2.11.0+-src/c++/src/algo/blast/proteinkmer/pearson.cpp -o pearson.o 
/usr/bin/g++  -std=gnu++14 -msse4.2 -c  -Wall -Wno-format-y2k  -pthread -fopenmp -fPIC   -O3 -finline-functions -fstrict-aliasing -fomit-frame-pointer  -DNDEBUG -D_LARGEFILE_SOURCE -D_FILE_OFFSET_BITS=64 -D_LARGEFILE64_SOURCE   -D_MT -D_REENTRANT -D_THREAD_SAFE -I/home/tiagotcc/tcc/programas/ncbi-blast-2.11.0+-src/c++/ReleaseMT/inc -I/home/tiagotcc/tcc/programas/ncbi-blast-2.11.0+-src/c++/include  -Wno-unused-local-typedefs -DNCBI_BUILD_SESSION_ID=1d281178-5679-4c82-9e29-bc46604df53a /home/tiagotcc/tcc/programas/ncbi-blast-2.11.0+-src/c++/src/algo/blast/proteinkmer/kblastapi.cpp -o kblastapi.o 
/bin/rm -f libproteinkmer.a .libproteinkmer.a.stamp
ar cr libproteinkmer.a blastkmer.o blastkmerindex.o blastkmeroptions.o blastkmerresults.o blastkmerutils.o mhfile.o pearson.o kblastapi.o  
/bin/bash /home/tiagotcc/tcc/programas/ncbi-blast-2.11.0+-src/c++/scripts/common/impl/if_diff.sh /bin/ln -f libproteinkmer.a /home/tiagotcc/tcc/programas/ncbi-blast-2.11.0+-src/c++/ReleaseMT/lib
/bin/ln -f libproteinkmer.a /home/tiagotcc/tcc/programas/ncbi-blast-2.11.0+-src/c++/ReleaseMT/lib/libproteinkmer.a
/bin/ln -f .proteinkmer.dep /home/tiagotcc/tcc/programas/ncbi-blast-2.11.0+-src/c++/ReleaseMT/status/.proteinkmer.dep
make[4]: Leaving directory '/home/tiagotcc/tcc/programas/ncbi-blast-2.11.0+-src/c++/ReleaseMT/build/algo/blast/proteinkmer'
