make[2]: Entering directory '/home/tiagotcc/tcc/programas/ncbi-blast-2.11.0+-src/c++/ReleaseMT/build/html'
Updating dependency information for /home/tiagotcc/tcc/programas/ncbi-blast-2.11.0+-src/c++/src/html/writer_htmlenc.cpp.
Updating dependency information for /home/tiagotcc/tcc/programas/ncbi-blast-2.11.0+-src/c++/src/html/html_exception.cpp.
Updating dependency information for /home/tiagotcc/tcc/programas/ncbi-blast-2.11.0+-src/c++/src/html/indentstream.cpp.
Updating dependency information for /home/tiagotcc/tcc/programas/ncbi-blast-2.11.0+-src/c++/src/html/commentdiag.cpp.
Updating dependency information for /home/tiagotcc/tcc/programas/ncbi-blast-2.11.0+-src/c++/src/html/components.cpp.
Updating dependency information for /home/tiagotcc/tcc/programas/ncbi-blast-2.11.0+-src/c++/src/html/selection.cpp.
Updating dependency information for /home/tiagotcc/tcc/programas/ncbi-blast-2.11.0+-src/c++/src/html/pager.cpp.
Updating dependency information for /home/tiagotcc/tcc/programas/ncbi-blast-2.11.0+-src/c++/src/html/page.cpp.
Updating dependency information for /home/tiagotcc/tcc/programas/ncbi-blast-2.11.0+-src/c++/src/html/htmlhelper.cpp.
Updating dependency information for /home/tiagotcc/tcc/programas/ncbi-blast-2.11.0+-src/c++/src/html/html.cpp.
Updating dependency information for /home/tiagotcc/tcc/programas/ncbi-blast-2.11.0+-src/c++/src/html/node.cpp.
/usr/bin/g++  -std=gnu++14 -msse4.2 -c  -Wall -Wno-format-y2k  -pthread -fopenmp -O2 -fPIC   -DNDEBUG -D_LARGEFILE_SOURCE -D_FILE_OFFSET_BITS=64 -D_LARGEFILE64_SOURCE   -D_MT -D_REENTRANT -D_THREAD_SAFE -I/home/tiagotcc/tcc/programas/ncbi-blast-2.11.0+-src/c++/ReleaseMT/inc -I/home/tiagotcc/tcc/programas/ncbi-blast-2.11.0+-src/c++/include  -DNCBI_BUILD_SESSION_ID=1d281178-5679-4c82-9e29-bc46604df53a /home/tiagotcc/tcc/programas/ncbi-blast-2.11.0+-src/c++/src/html/node.cpp -o node.o 
/usr/bin/g++  -std=gnu++14 -msse4.2 -c  -Wall -Wno-format-y2k  -pthread -fopenmp -O2 -fPIC   -DNDEBUG -D_LARGEFILE_SOURCE -D_FILE_OFFSET_BITS=64 -D_LARGEFILE64_SOURCE   -D_MT -D_REENTRANT -D_THREAD_SAFE -I/home/tiagotcc/tcc/programas/ncbi-blast-2.11.0+-src/c++/ReleaseMT/inc -I/home/tiagotcc/tcc/programas/ncbi-blast-2.11.0+-src/c++/include  -DNCBI_BUILD_SESSION_ID=1d281178-5679-4c82-9e29-bc46604df53a /home/tiagotcc/tcc/programas/ncbi-blast-2.11.0+-src/c++/src/html/html.cpp -o html.o 
/usr/bin/g++  -std=gnu++14 -msse4.2 -c  -Wall -Wno-format-y2k  -pthread -fopenmp -O2 -fPIC   -DNDEBUG -D_LARGEFILE_SOURCE -D_FILE_OFFSET_BITS=64 -D_LARGEFILE64_SOURCE   -D_MT -D_REENTRANT -D_THREAD_SAFE -I/home/tiagotcc/tcc/programas/ncbi-blast-2.11.0+-src/c++/ReleaseMT/inc -I/home/tiagotcc/tcc/programas/ncbi-blast-2.11.0+-src/c++/include  -DNCBI_BUILD_SESSION_ID=1d281178-5679-4c82-9e29-bc46604df53a /home/tiagotcc/tcc/programas/ncbi-blast-2.11.0+-src/c++/src/html/htmlhelper.cpp -o htmlhelper.o 
/usr/bin/g++  -std=gnu++14 -msse4.2 -c  -Wall -Wno-format-y2k  -pthread -fopenmp -O2 -fPIC   -DNDEBUG -D_LARGEFILE_SOURCE -D_FILE_OFFSET_BITS=64 -D_LARGEFILE64_SOURCE   -D_MT -D_REENTRANT -D_THREAD_SAFE -I/home/tiagotcc/tcc/programas/ncbi-blast-2.11.0+-src/c++/ReleaseMT/inc -I/home/tiagotcc/tcc/programas/ncbi-blast-2.11.0+-src/c++/include  -DNCBI_BUILD_SESSION_ID=1d281178-5679-4c82-9e29-bc46604df53a /home/tiagotcc/tcc/programas/ncbi-blast-2.11.0+-src/c++/src/html/page.cpp -o page.o 
/usr/bin/g++  -std=gnu++14 -msse4.2 -c  -Wall -Wno-format-y2k  -pthread -fopenmp -O2 -fPIC   -DNDEBUG -D_LARGEFILE_SOURCE -D_FILE_OFFSET_BITS=64 -D_LARGEFILE64_SOURCE   -D_MT -D_REENTRANT -D_THREAD_SAFE -I/home/tiagotcc/tcc/programas/ncbi-blast-2.11.0+-src/c++/ReleaseMT/inc -I/home/tiagotcc/tcc/programas/ncbi-blast-2.11.0+-src/c++/include  -DNCBI_BUILD_SESSION_ID=1d281178-5679-4c82-9e29-bc46604df53a /home/tiagotcc/tcc/programas/ncbi-blast-2.11.0+-src/c++/src/html/pager.cpp -o pager.o 
/usr/bin/g++  -std=gnu++14 -msse4.2 -c  -Wall -Wno-format-y2k  -pthread -fopenmp -O2 -fPIC   -DNDEBUG -D_LARGEFILE_SOURCE -D_FILE_OFFSET_BITS=64 -D_LARGEFILE64_SOURCE   -D_MT -D_REENTRANT -D_THREAD_SAFE -I/home/tiagotcc/tcc/programas/ncbi-blast-2.11.0+-src/c++/ReleaseMT/inc -I/home/tiagotcc/tcc/programas/ncbi-blast-2.11.0+-src/c++/include  -DNCBI_BUILD_SESSION_ID=1d281178-5679-4c82-9e29-bc46604df53a /home/tiagotcc/tcc/programas/ncbi-blast-2.11.0+-src/c++/src/html/selection.cpp -o selection.o 
/usr/bin/g++  -std=gnu++14 -msse4.2 -c  -Wall -Wno-format-y2k  -pthread -fopenmp -O2 -fPIC   -DNDEBUG -D_LARGEFILE_SOURCE -D_FILE_OFFSET_BITS=64 -D_LARGEFILE64_SOURCE   -D_MT -D_REENTRANT -D_THREAD_SAFE -I/home/tiagotcc/tcc/programas/ncbi-blast-2.11.0+-src/c++/ReleaseMT/inc -I/home/tiagotcc/tcc/programas/ncbi-blast-2.11.0+-src/c++/include  -DNCBI_BUILD_SESSION_ID=1d281178-5679-4c82-9e29-bc46604df53a /home/tiagotcc/tcc/programas/ncbi-blast-2.11.0+-src/c++/src/html/components.cpp -o components.o 
/usr/bin/g++  -std=gnu++14 -msse4.2 -c  -Wall -Wno-format-y2k  -pthread -fopenmp -O2 -fPIC   -DNDEBUG -D_LARGEFILE_SOURCE -D_FILE_OFFSET_BITS=64 -D_LARGEFILE64_SOURCE   -D_MT -D_REENTRANT -D_THREAD_SAFE -I/home/tiagotcc/tcc/programas/ncbi-blast-2.11.0+-src/c++/ReleaseMT/inc -I/home/tiagotcc/tcc/programas/ncbi-blast-2.11.0+-src/c++/include  -DNCBI_BUILD_SESSION_ID=1d281178-5679-4c82-9e29-bc46604df53a /home/tiagotcc/tcc/programas/ncbi-blast-2.11.0+-src/c++/src/html/commentdiag.cpp -o commentdiag.o 
/usr/bin/g++  -std=gnu++14 -msse4.2 -c  -Wall -Wno-format-y2k  -pthread -fopenmp -O2 -fPIC   -DNDEBUG -D_LARGEFILE_SOURCE -D_FILE_OFFSET_BITS=64 -D_LARGEFILE64_SOURCE   -D_MT -D_REENTRANT -D_THREAD_SAFE -I/home/tiagotcc/tcc/programas/ncbi-blast-2.11.0+-src/c++/ReleaseMT/inc -I/home/tiagotcc/tcc/programas/ncbi-blast-2.11.0+-src/c++/include  -DNCBI_BUILD_SESSION_ID=1d281178-5679-4c82-9e29-bc46604df53a /home/tiagotcc/tcc/programas/ncbi-blast-2.11.0+-src/c++/src/html/indentstream.cpp -o indentstream.o 
/usr/bin/g++  -std=gnu++14 -msse4.2 -c  -Wall -Wno-format-y2k  -pthread -fopenmp -O2 -fPIC   -DNDEBUG -D_LARGEFILE_SOURCE -D_FILE_OFFSET_BITS=64 -D_LARGEFILE64_SOURCE   -D_MT -D_REENTRANT -D_THREAD_SAFE -I/home/tiagotcc/tcc/programas/ncbi-blast-2.11.0+-src/c++/ReleaseMT/inc -I/home/tiagotcc/tcc/programas/ncbi-blast-2.11.0+-src/c++/include  -DNCBI_BUILD_SESSION_ID=1d281178-5679-4c82-9e29-bc46604df53a /home/tiagotcc/tcc/programas/ncbi-blast-2.11.0+-src/c++/src/html/html_exception.cpp -o html_exception.o 
/usr/bin/g++  -std=gnu++14 -msse4.2 -c  -Wall -Wno-format-y2k  -pthread -fopenmp -O2 -fPIC   -DNDEBUG -D_LARGEFILE_SOURCE -D_FILE_OFFSET_BITS=64 -D_LARGEFILE64_SOURCE   -D_MT -D_REENTRANT -D_THREAD_SAFE -I/home/tiagotcc/tcc/programas/ncbi-blast-2.11.0+-src/c++/ReleaseMT/inc -I/home/tiagotcc/tcc/programas/ncbi-blast-2.11.0+-src/c++/include  -DNCBI_BUILD_SESSION_ID=1d281178-5679-4c82-9e29-bc46604df53a /home/tiagotcc/tcc/programas/ncbi-blast-2.11.0+-src/c++/src/html/writer_htmlenc.cpp -o writer_htmlenc.o 
/bin/rm -f libxhtml.a .libxhtml.a.stamp
ar cr libxhtml.a node.o html.o htmlhelper.o page.o pager.o selection.o components.o commentdiag.o indentstream.o html_exception.o writer_htmlenc.o  
/bin/bash /home/tiagotcc/tcc/programas/ncbi-blast-2.11.0+-src/c++/scripts/common/impl/if_diff.sh /bin/ln -f libxhtml.a /home/tiagotcc/tcc/programas/ncbi-blast-2.11.0+-src/c++/ReleaseMT/lib
/bin/ln -f libxhtml.a /home/tiagotcc/tcc/programas/ncbi-blast-2.11.0+-src/c++/ReleaseMT/lib/libxhtml.a
/bin/ln -f .xhtml.dep /home/tiagotcc/tcc/programas/ncbi-blast-2.11.0+-src/c++/ReleaseMT/status/.xhtml.dep
make[2]: Leaving directory '/home/tiagotcc/tcc/programas/ncbi-blast-2.11.0+-src/c++/ReleaseMT/build/html'
